[0.203s] DEBUG:colcon:Command line arguments: ['/usr/bin/colcon', 'build', '--packages-select', 'composition']
[0.203s] DEBUG:colcon:Parsed command line arguments: Namespace(log_base=None, log_level=None, verb_name='build', build_base='build', install_base='install', merge_install=False, symlink_install=False, test_result_base=None, continue_on_error=False, executor='parallel', parallel_workers=8, event_handlers=None, ignore_user_meta=False, metas=['./colcon.meta'], base_paths=['.'], packages_ignore=None, packages_ignore_regex=None, paths=None, packages_up_to=None, packages_up_to_regex=None, packages_above=None, packages_above_and_dependencies=None, packages_above_depth=None, packages_select_by_dep=None, packages_skip_by_dep=None, packages_skip_up_to=None, packages_select_build_failed=False, packages_skip_build_finished=False, packages_select_test_failures=False, packages_skip_test_passed=False, packages_select=['composition'], packages_skip=None, packages_select_regex=None, packages_skip_regex=None, packages_start=None, packages_end=None, allow_overriding=[], cmake_args=None, cmake_target=None, cmake_target_skip_unavailable=False, cmake_clean_cache=False, cmake_clean_first=False, cmake_force_configure=False, ament_cmake_args=None, catkin_cmake_args=None, catkin_skip_building_tests=False, mixin_files=None, mixin=None, verb_parser=<colcon_mixin.mixin.mixin_argument.MixinArgumentDecorator object at 0xffffa0660f10>, verb_extension=<colcon_core.verb.build.BuildVerb object at 0xffffa06609a0>, main=<bound method BuildVerb.main of <colcon_core.verb.build.BuildVerb object at 0xffffa06609a0>>, mixin_verb=('build',))
[0.506s] Level 1:colcon.colcon_core.package_discovery:discover_packages(colcon_meta) check parameters
[0.506s] Level 1:colcon.colcon_core.package_discovery:discover_packages(recursive) check parameters
[0.506s] Level 1:colcon.colcon_core.package_discovery:discover_packages(ignore) check parameters
[0.506s] Level 1:colcon.colcon_core.package_discovery:discover_packages(path) check parameters
[0.506s] Level 1:colcon.colcon_core.package_discovery:discover_packages(colcon_meta) discover
[0.507s] Level 1:colcon.colcon_core.package_discovery:discover_packages(recursive) discover
[0.507s] INFO:colcon.colcon_core.package_discovery:Crawling recursively for packages in '/home/jonurce/Jon/ROS2Projects/idea_0_ws'
[0.507s] Level 1:colcon.colcon_core.package_identification:_identify(.) by extensions ['ignore', 'ignore_ament_install']
[0.507s] Level 1:colcon.colcon_core.package_identification:_identify(.) by extension 'ignore'
[0.507s] Level 1:colcon.colcon_core.package_identification:_identify(.) by extension 'ignore_ament_install'
[0.507s] Level 1:colcon.colcon_core.package_identification:_identify(.) by extensions ['colcon_pkg']
[0.507s] Level 1:colcon.colcon_core.package_identification:_identify(.) by extension 'colcon_pkg'
[0.508s] Level 1:colcon.colcon_core.package_identification:_identify(.) by extensions ['colcon_meta']
[0.508s] Level 1:colcon.colcon_core.package_identification:_identify(.) by extension 'colcon_meta'
[0.508s] Level 1:colcon.colcon_core.package_identification:_identify(.) by extensions ['ros']
[0.508s] Level 1:colcon.colcon_core.package_identification:_identify(.) by extension 'ros'
[0.529s] Level 1:colcon.colcon_core.package_identification:_identify(.) by extensions ['cmake', 'python']
[0.529s] Level 1:colcon.colcon_core.package_identification:_identify(.) by extension 'cmake'
[0.529s] Level 1:colcon.colcon_core.package_identification:_identify(.) by extension 'python'
[0.530s] Level 1:colcon.colcon_core.package_identification:_identify(.) by extensions ['python_setup_py']
[0.530s] Level 1:colcon.colcon_core.package_identification:_identify(.) by extension 'python_setup_py'
[0.530s] Level 1:colcon.colcon_core.package_identification:_identify(build) by extensions ['ignore', 'ignore_ament_install']
[0.530s] Level 1:colcon.colcon_core.package_identification:_identify(build) by extension 'ignore'
[0.530s] Level 1:colcon.colcon_core.package_identification:_identify(build) ignored
[0.531s] Level 1:colcon.colcon_core.package_identification:_identify(install) by extensions ['ignore', 'ignore_ament_install']
[0.531s] Level 1:colcon.colcon_core.package_identification:_identify(install) by extension 'ignore'
[0.531s] Level 1:colcon.colcon_core.package_identification:_identify(install) ignored
[0.531s] Level 1:colcon.colcon_core.package_identification:_identify(log) by extensions ['ignore', 'ignore_ament_install']
[0.531s] Level 1:colcon.colcon_core.package_identification:_identify(log) by extension 'ignore'
[0.531s] Level 1:colcon.colcon_core.package_identification:_identify(log) ignored
[0.531s] Level 1:colcon.colcon_core.package_identification:_identify(src) by extensions ['ignore', 'ignore_ament_install']
[0.532s] Level 1:colcon.colcon_core.package_identification:_identify(src) by extension 'ignore'
[0.532s] Level 1:colcon.colcon_core.package_identification:_identify(src) by extension 'ignore_ament_install'
[0.532s] Level 1:colcon.colcon_core.package_identification:_identify(src) by extensions ['colcon_pkg']
[0.532s] Level 1:colcon.colcon_core.package_identification:_identify(src) by extension 'colcon_pkg'
[0.532s] Level 1:colcon.colcon_core.package_identification:_identify(src) by extensions ['colcon_meta']
[0.532s] Level 1:colcon.colcon_core.package_identification:_identify(src) by extension 'colcon_meta'
[0.532s] Level 1:colcon.colcon_core.package_identification:_identify(src) by extensions ['ros']
[0.532s] Level 1:colcon.colcon_core.package_identification:_identify(src) by extension 'ros'
[0.532s] Level 1:colcon.colcon_core.package_identification:_identify(src) by extensions ['cmake', 'python']
[0.532s] Level 1:colcon.colcon_core.package_identification:_identify(src) by extension 'cmake'
[0.533s] Level 1:colcon.colcon_core.package_identification:_identify(src) by extension 'python'
[0.533s] Level 1:colcon.colcon_core.package_identification:_identify(src) by extensions ['python_setup_py']
[0.533s] Level 1:colcon.colcon_core.package_identification:_identify(src) by extension 'python_setup_py'
[0.533s] Level 1:colcon.colcon_core.package_identification:_identify(src/composition) by extensions ['ignore', 'ignore_ament_install']
[0.533s] Level 1:colcon.colcon_core.package_identification:_identify(src/composition) by extension 'ignore'
[0.533s] Level 1:colcon.colcon_core.package_identification:_identify(src/composition) by extension 'ignore_ament_install'
[0.533s] Level 1:colcon.colcon_core.package_identification:_identify(src/composition) by extensions ['colcon_pkg']
[0.533s] Level 1:colcon.colcon_core.package_identification:_identify(src/composition) by extension 'colcon_pkg'
[0.533s] Level 1:colcon.colcon_core.package_identification:_identify(src/composition) by extensions ['colcon_meta']
[0.533s] Level 1:colcon.colcon_core.package_identification:_identify(src/composition) by extension 'colcon_meta'
[0.534s] Level 1:colcon.colcon_core.package_identification:_identify(src/composition) by extensions ['ros']
[0.534s] Level 1:colcon.colcon_core.package_identification:_identify(src/composition) by extension 'ros'
[0.539s] DEBUG:colcon.colcon_core.package_identification:Package 'src/composition' with type 'ros.ament_cmake' and name 'composition'
[0.539s] Level 1:colcon.colcon_core.package_identification:_identify(src/event_camera_codecs) by extensions ['ignore', 'ignore_ament_install']
[0.539s] Level 1:colcon.colcon_core.package_identification:_identify(src/event_camera_codecs) by extension 'ignore'
[0.539s] Level 1:colcon.colcon_core.package_identification:_identify(src/event_camera_codecs) by extension 'ignore_ament_install'
[0.539s] Level 1:colcon.colcon_core.package_identification:_identify(src/event_camera_codecs) by extensions ['colcon_pkg']
[0.539s] Level 1:colcon.colcon_core.package_identification:_identify(src/event_camera_codecs) by extension 'colcon_pkg'
[0.540s] Level 1:colcon.colcon_core.package_identification:_identify(src/event_camera_codecs) by extensions ['colcon_meta']
[0.540s] Level 1:colcon.colcon_core.package_identification:_identify(src/event_camera_codecs) by extension 'colcon_meta'
[0.540s] Level 1:colcon.colcon_core.package_identification:_identify(src/event_camera_codecs) by extensions ['ros']
[0.540s] Level 1:colcon.colcon_core.package_identification:_identify(src/event_camera_codecs) by extension 'ros'
[0.551s] DEBUG:colcon.colcon_core.package_identification:Package 'src/event_camera_codecs' with type 'ros.ament_cmake' and name 'event_camera_codecs'
[0.552s] Level 1:colcon.colcon_core.package_identification:_identify(src/event_reader) by extensions ['ignore', 'ignore_ament_install']
[0.552s] Level 1:colcon.colcon_core.package_identification:_identify(src/event_reader) by extension 'ignore'
[0.552s] Level 1:colcon.colcon_core.package_identification:_identify(src/event_reader) by extension 'ignore_ament_install'
[0.552s] Level 1:colcon.colcon_core.package_identification:_identify(src/event_reader) by extensions ['colcon_pkg']
[0.552s] Level 1:colcon.colcon_core.package_identification:_identify(src/event_reader) by extension 'colcon_pkg'
[0.552s] Level 1:colcon.colcon_core.package_identification:_identify(src/event_reader) by extensions ['colcon_meta']
[0.553s] Level 1:colcon.colcon_core.package_identification:_identify(src/event_reader) by extension 'colcon_meta'
[0.553s] Level 1:colcon.colcon_core.package_identification:_identify(src/event_reader) by extensions ['ros']
[0.553s] Level 1:colcon.colcon_core.package_identification:_identify(src/event_reader) by extension 'ros'
[0.554s] DEBUG:colcon.colcon_core.package_identification:Package 'src/event_reader' with type 'ros.ament_python' and name 'event_reader'
[0.554s] Level 1:colcon.colcon_core.package_discovery:discover_packages(recursive) using defaults
[0.554s] Level 1:colcon.colcon_core.package_discovery:discover_packages(ignore) discover
[0.554s] Level 1:colcon.colcon_core.package_discovery:discover_packages(ignore) using defaults
[0.554s] Level 1:colcon.colcon_core.package_discovery:discover_packages(path) discover
[0.554s] Level 1:colcon.colcon_core.package_discovery:discover_packages(path) using defaults
[0.617s] INFO:colcon.colcon_core.package_selection:Skipping not selected package 'event_camera_codecs' in 'src/event_camera_codecs'
[0.617s] INFO:colcon.colcon_core.package_selection:Skipping not selected package 'event_reader' in 'src/event_reader'
[0.618s] Level 1:colcon.colcon_core.package_discovery:discover_packages(prefix_path) check parameters
[0.618s] Level 1:colcon.colcon_core.package_discovery:discover_packages(prefix_path) discover
[0.622s] DEBUG:colcon.colcon_installed_package_information.package_discovery:Found 3 installed packages in /home/jonurce/Jon/ROS2Projects/test_ws/install
[0.623s] DEBUG:colcon.colcon_installed_package_information.package_discovery:Found 244 installed packages in /opt/ros/humble
[0.626s] Level 1:colcon.colcon_core.package_discovery:discover_packages(prefix_path) using defaults
[0.689s] Level 5:colcon.colcon_core.verb:set package 'composition' build argument 'cmake_args' from command line to 'None'
[0.689s] Level 5:colcon.colcon_core.verb:set package 'composition' build argument 'cmake_target' from command line to 'None'
[0.689s] Level 5:colcon.colcon_core.verb:set package 'composition' build argument 'cmake_target_skip_unavailable' from command line to 'False'
[0.689s] Level 5:colcon.colcon_core.verb:set package 'composition' build argument 'cmake_clean_cache' from command line to 'False'
[0.689s] Level 5:colcon.colcon_core.verb:set package 'composition' build argument 'cmake_clean_first' from command line to 'False'
[0.690s] Level 5:colcon.colcon_core.verb:set package 'composition' build argument 'cmake_force_configure' from command line to 'False'
[0.690s] Level 5:colcon.colcon_core.verb:set package 'composition' build argument 'ament_cmake_args' from command line to 'None'
[0.690s] Level 5:colcon.colcon_core.verb:set package 'composition' build argument 'catkin_cmake_args' from command line to 'None'
[0.690s] Level 5:colcon.colcon_core.verb:set package 'composition' build argument 'catkin_skip_building_tests' from command line to 'False'
[0.690s] DEBUG:colcon.colcon_core.verb:Building package 'composition' with the following arguments: {'ament_cmake_args': None, 'build_base': '/home/jonurce/Jon/ROS2Projects/idea_0_ws/build/composition', 'catkin_cmake_args': None, 'catkin_skip_building_tests': False, 'cmake_args': None, 'cmake_clean_cache': False, 'cmake_clean_first': False, 'cmake_force_configure': False, 'cmake_target': None, 'cmake_target_skip_unavailable': False, 'install_base': '/home/jonurce/Jon/ROS2Projects/idea_0_ws/install/composition', 'merge_install': False, 'path': '/home/jonurce/Jon/ROS2Projects/idea_0_ws/src/composition', 'symlink_install': False, 'test_result_base': None}
[0.690s] INFO:colcon.colcon_core.executor:Executing jobs using 'parallel' executor
[0.692s] DEBUG:colcon.colcon_parallel_executor.executor.parallel:run_until_complete
[0.693s] INFO:colcon.colcon_ros.task.ament_cmake.build:Building ROS package in '/home/jonurce/Jon/ROS2Projects/idea_0_ws/src/composition' with build type 'ament_cmake'
[0.693s] INFO:colcon.colcon_cmake.task.cmake.build:Building CMake package in '/home/jonurce/Jon/ROS2Projects/idea_0_ws/src/composition'
[0.696s] INFO:colcon.colcon_core.plugin_system:Skipping extension 'colcon_core.shell.bat': Not used on non-Windows systems
[0.697s] INFO:colcon.colcon_core.shell:Skip shell extension 'powershell' for command environment: Not usable outside of PowerShell
[0.697s] DEBUG:colcon.colcon_core.shell:Skip shell extension 'dsv' for command environment
[0.715s] DEBUG:colcon.colcon_core.event_handler.log_command:Invoking command in '/home/jonurce/Jon/ROS2Projects/idea_0_ws/build/composition': AMENT_PREFIX_PATH=/home/jonurce/Jon/ROS2Projects/idea_0_ws/install/event_camera_codecs:${AMENT_PREFIX_PATH} CMAKE_PREFIX_PATH=/home/jonurce/Jon/ROS2Projects/idea_0_ws/install/event_camera_codecs:/home/jonurce/Jon/ROS2Projects/test_ws/install/event_camera_renderer:/home/jonurce/Jon/ROS2Projects/test_ws/install/event_camera_codecs:/home/jonurce/Jon/ROS2Projects/test_ws/install/event_camera_msgs:/opt/ros/humble/opt/openeb_vendor:/opt/ros/humble LD_LIBRARY_PATH=/home/jonurce/Jon/ROS2Projects/idea_0_ws/install/event_camera_codecs/lib:${LD_LIBRARY_PATH} /usr/bin/cmake --build /home/jonurce/Jon/ROS2Projects/idea_0_ws/build/composition -- -j8 -l8
[22.383s] DEBUG:colcon.colcon_core.event_handler.log_command:Invoked command in '/home/jonurce/Jon/ROS2Projects/idea_0_ws/build/composition' returned '0': AMENT_PREFIX_PATH=/home/jonurce/Jon/ROS2Projects/idea_0_ws/install/event_camera_codecs:${AMENT_PREFIX_PATH} CMAKE_PREFIX_PATH=/home/jonurce/Jon/ROS2Projects/idea_0_ws/install/event_camera_codecs:/home/jonurce/Jon/ROS2Projects/test_ws/install/event_camera_renderer:/home/jonurce/Jon/ROS2Projects/test_ws/install/event_camera_codecs:/home/jonurce/Jon/ROS2Projects/test_ws/install/event_camera_msgs:/opt/ros/humble/opt/openeb_vendor:/opt/ros/humble LD_LIBRARY_PATH=/home/jonurce/Jon/ROS2Projects/idea_0_ws/install/event_camera_codecs/lib:${LD_LIBRARY_PATH} /usr/bin/cmake --build /home/jonurce/Jon/ROS2Projects/idea_0_ws/build/composition -- -j8 -l8
[22.406s] DEBUG:colcon.colcon_core.event_handler.log_command:Invoking command in '/home/jonurce/Jon/ROS2Projects/idea_0_ws/build/composition': AMENT_PREFIX_PATH=/home/jonurce/Jon/ROS2Projects/idea_0_ws/install/event_camera_codecs:${AMENT_PREFIX_PATH} CMAKE_PREFIX_PATH=/home/jonurce/Jon/ROS2Projects/idea_0_ws/install/event_camera_codecs:/home/jonurce/Jon/ROS2Projects/test_ws/install/event_camera_renderer:/home/jonurce/Jon/ROS2Projects/test_ws/install/event_camera_codecs:/home/jonurce/Jon/ROS2Projects/test_ws/install/event_camera_msgs:/opt/ros/humble/opt/openeb_vendor:/opt/ros/humble LD_LIBRARY_PATH=/home/jonurce/Jon/ROS2Projects/idea_0_ws/install/event_camera_codecs/lib:${LD_LIBRARY_PATH} /usr/bin/cmake --install /home/jonurce/Jon/ROS2Projects/idea_0_ws/build/composition
[22.454s] Level 1:colcon.colcon_core.environment:create_environment_scripts_only(composition)
[22.455s] DEBUG:colcon.colcon_core.event_handler.log_command:Invoked command in '/home/jonurce/Jon/ROS2Projects/idea_0_ws/build/composition' returned '0': AMENT_PREFIX_PATH=/home/jonurce/Jon/ROS2Projects/idea_0_ws/install/event_camera_codecs:${AMENT_PREFIX_PATH} CMAKE_PREFIX_PATH=/home/jonurce/Jon/ROS2Projects/idea_0_ws/install/event_camera_codecs:/home/jonurce/Jon/ROS2Projects/test_ws/install/event_camera_renderer:/home/jonurce/Jon/ROS2Projects/test_ws/install/event_camera_codecs:/home/jonurce/Jon/ROS2Projects/test_ws/install/event_camera_msgs:/opt/ros/humble/opt/openeb_vendor:/opt/ros/humble LD_LIBRARY_PATH=/home/jonurce/Jon/ROS2Projects/idea_0_ws/install/event_camera_codecs/lib:${LD_LIBRARY_PATH} /usr/bin/cmake --install /home/jonurce/Jon/ROS2Projects/idea_0_ws/build/composition
[22.464s] Level 1:colcon.colcon_core.environment:checking '/home/jonurce/Jon/ROS2Projects/idea_0_ws/install/composition' for CMake module files
[22.466s] Level 1:colcon.colcon_core.environment:checking '/home/jonurce/Jon/ROS2Projects/idea_0_ws/install/composition' for CMake config files
[22.468s] Level 1:colcon.colcon_core.shell:create_environment_hook('composition', 'cmake_prefix_path')
[22.469s] INFO:colcon.colcon_core.shell:Creating environment hook '/home/jonurce/Jon/ROS2Projects/idea_0_ws/install/composition/share/composition/hook/cmake_prefix_path.ps1'
[22.471s] INFO:colcon.colcon_core.shell:Creating environment descriptor '/home/jonurce/Jon/ROS2Projects/idea_0_ws/install/composition/share/composition/hook/cmake_prefix_path.dsv'
[22.472s] INFO:colcon.colcon_core.shell:Creating environment hook '/home/jonurce/Jon/ROS2Projects/idea_0_ws/install/composition/share/composition/hook/cmake_prefix_path.sh'
[22.474s] Level 1:colcon.colcon_core.environment:checking '/home/jonurce/Jon/ROS2Projects/idea_0_ws/install/composition/lib'
[22.475s] Level 1:colcon.colcon_core.shell:create_environment_hook('composition', 'ld_library_path_lib')
[22.475s] INFO:colcon.colcon_core.shell:Creating environment hook '/home/jonurce/Jon/ROS2Projects/idea_0_ws/install/composition/share/composition/hook/ld_library_path_lib.ps1'
[22.476s] INFO:colcon.colcon_core.shell:Creating environment descriptor '/home/jonurce/Jon/ROS2Projects/idea_0_ws/install/composition/share/composition/hook/ld_library_path_lib.dsv'
[22.477s] INFO:colcon.colcon_core.shell:Creating environment hook '/home/jonurce/Jon/ROS2Projects/idea_0_ws/install/composition/share/composition/hook/ld_library_path_lib.sh'
[22.477s] Level 1:colcon.colcon_core.environment:checking '/home/jonurce/Jon/ROS2Projects/idea_0_ws/install/composition/bin'
[22.477s] Level 1:colcon.colcon_core.environment:checking '/home/jonurce/Jon/ROS2Projects/idea_0_ws/install/composition/lib/pkgconfig/composition.pc'
[22.478s] Level 1:colcon.colcon_core.environment:checking '/home/jonurce/Jon/ROS2Projects/idea_0_ws/install/composition/lib/python3.10/site-packages'
[22.478s] Level 1:colcon.colcon_core.environment:checking '/home/jonurce/Jon/ROS2Projects/idea_0_ws/install/composition/bin'
[22.479s] INFO:colcon.colcon_core.shell:Creating package script '/home/jonurce/Jon/ROS2Projects/idea_0_ws/install/composition/share/composition/package.ps1'
[22.481s] INFO:colcon.colcon_core.shell:Creating package descriptor '/home/jonurce/Jon/ROS2Projects/idea_0_ws/install/composition/share/composition/package.dsv'
[22.483s] INFO:colcon.colcon_core.shell:Creating package script '/home/jonurce/Jon/ROS2Projects/idea_0_ws/install/composition/share/composition/package.sh'
[22.485s] INFO:colcon.colcon_core.shell:Creating package script '/home/jonurce/Jon/ROS2Projects/idea_0_ws/install/composition/share/composition/package.bash'
[22.488s] INFO:colcon.colcon_core.shell:Creating package script '/home/jonurce/Jon/ROS2Projects/idea_0_ws/install/composition/share/composition/package.zsh'
[22.490s] Level 1:colcon.colcon_core.environment:create_file_with_runtime_dependencies(/home/jonurce/Jon/ROS2Projects/idea_0_ws/install/composition/share/colcon-core/packages/composition)
[22.492s] Level 1:colcon.colcon_core.environment:create_environment_scripts_only(composition)
[22.493s] Level 1:colcon.colcon_core.environment:checking '/home/jonurce/Jon/ROS2Projects/idea_0_ws/install/composition' for CMake module files
[22.494s] Level 1:colcon.colcon_core.environment:checking '/home/jonurce/Jon/ROS2Projects/idea_0_ws/install/composition' for CMake config files
[22.495s] Level 1:colcon.colcon_core.shell:create_environment_hook('composition', 'cmake_prefix_path')
[22.496s] INFO:colcon.colcon_core.shell:Creating environment hook '/home/jonurce/Jon/ROS2Projects/idea_0_ws/install/composition/share/composition/hook/cmake_prefix_path.ps1'
[22.511s] INFO:colcon.colcon_core.shell:Creating environment descriptor '/home/jonurce/Jon/ROS2Projects/idea_0_ws/install/composition/share/composition/hook/cmake_prefix_path.dsv'
[22.513s] INFO:colcon.colcon_core.shell:Creating environment hook '/home/jonurce/Jon/ROS2Projects/idea_0_ws/install/composition/share/composition/hook/cmake_prefix_path.sh'
[22.515s] Level 1:colcon.colcon_core.environment:checking '/home/jonurce/Jon/ROS2Projects/idea_0_ws/install/composition/lib'
[22.516s] Level 1:colcon.colcon_core.shell:create_environment_hook('composition', 'ld_library_path_lib')
[22.516s] INFO:colcon.colcon_core.shell:Creating environment hook '/home/jonurce/Jon/ROS2Projects/idea_0_ws/install/composition/share/composition/hook/ld_library_path_lib.ps1'
[22.518s] INFO:colcon.colcon_core.shell:Creating environment descriptor '/home/jonurce/Jon/ROS2Projects/idea_0_ws/install/composition/share/composition/hook/ld_library_path_lib.dsv'
[22.529s] INFO:colcon.colcon_core.shell:Creating environment hook '/home/jonurce/Jon/ROS2Projects/idea_0_ws/install/composition/share/composition/hook/ld_library_path_lib.sh'
[22.529s] Level 1:colcon.colcon_core.environment:checking '/home/jonurce/Jon/ROS2Projects/idea_0_ws/install/composition/bin'
[22.530s] Level 1:colcon.colcon_core.environment:checking '/home/jonurce/Jon/ROS2Projects/idea_0_ws/install/composition/lib/pkgconfig/composition.pc'
[22.530s] Level 1:colcon.colcon_core.environment:checking '/home/jonurce/Jon/ROS2Projects/idea_0_ws/install/composition/lib/python3.10/site-packages'
[22.531s] Level 1:colcon.colcon_core.environment:checking '/home/jonurce/Jon/ROS2Projects/idea_0_ws/install/composition/bin'
[22.532s] INFO:colcon.colcon_core.shell:Creating package script '/home/jonurce/Jon/ROS2Projects/idea_0_ws/install/composition/share/composition/package.ps1'
[22.533s] INFO:colcon.colcon_core.shell:Creating package descriptor '/home/jonurce/Jon/ROS2Projects/idea_0_ws/install/composition/share/composition/package.dsv'
[22.535s] INFO:colcon.colcon_core.shell:Creating package script '/home/jonurce/Jon/ROS2Projects/idea_0_ws/install/composition/share/composition/package.sh'
[22.536s] INFO:colcon.colcon_core.shell:Creating package script '/home/jonurce/Jon/ROS2Projects/idea_0_ws/install/composition/share/composition/package.bash'
[22.537s] INFO:colcon.colcon_core.shell:Creating package script '/home/jonurce/Jon/ROS2Projects/idea_0_ws/install/composition/share/composition/package.zsh'
[22.539s] Level 1:colcon.colcon_core.environment:create_file_with_runtime_dependencies(/home/jonurce/Jon/ROS2Projects/idea_0_ws/install/composition/share/colcon-core/packages/composition)
[22.540s] DEBUG:colcon.colcon_parallel_executor.executor.parallel:closing loop
[22.540s] DEBUG:colcon.colcon_parallel_executor.executor.parallel:loop closed
[22.541s] DEBUG:colcon.colcon_parallel_executor.executor.parallel:run_until_complete finished with '0'
[22.541s] DEBUG:colcon.colcon_core.event_reactor:joining thread
[22.557s] INFO:colcon.colcon_core.plugin_system:Skipping extension 'colcon_notification.desktop_notification.terminal_notifier': Not used on non-Darwin systems
[22.558s] INFO:colcon.colcon_core.plugin_system:Skipping extension 'colcon_notification.desktop_notification.win32': Not used on non-Windows systems
[22.558s] INFO:colcon.colcon_notification.desktop_notification:Sending desktop notification using 'notify2'
[22.617s] DEBUG:colcon.colcon_core.event_reactor:joined thread
[22.618s] INFO:colcon.colcon_core.shell:Creating prefix script '/home/jonurce/Jon/ROS2Projects/idea_0_ws/install/local_setup.ps1'
[22.621s] INFO:colcon.colcon_core.shell:Creating prefix util module '/home/jonurce/Jon/ROS2Projects/idea_0_ws/install/_local_setup_util_ps1.py'
[22.624s] INFO:colcon.colcon_core.shell:Creating prefix chain script '/home/jonurce/Jon/ROS2Projects/idea_0_ws/install/setup.ps1'
[22.627s] INFO:colcon.colcon_core.shell:Creating prefix script '/home/jonurce/Jon/ROS2Projects/idea_0_ws/install/local_setup.sh'
[22.630s] INFO:colcon.colcon_core.shell:Creating prefix util module '/home/jonurce/Jon/ROS2Projects/idea_0_ws/install/_local_setup_util_sh.py'
[22.631s] INFO:colcon.colcon_core.shell:Creating prefix chain script '/home/jonurce/Jon/ROS2Projects/idea_0_ws/install/setup.sh'
[22.635s] INFO:colcon.colcon_core.shell:Creating prefix script '/home/jonurce/Jon/ROS2Projects/idea_0_ws/install/local_setup.bash'
[22.637s] INFO:colcon.colcon_core.shell:Creating prefix chain script '/home/jonurce/Jon/ROS2Projects/idea_0_ws/install/setup.bash'
[22.639s] INFO:colcon.colcon_core.shell:Creating prefix script '/home/jonurce/Jon/ROS2Projects/idea_0_ws/install/local_setup.zsh'
[22.640s] INFO:colcon.colcon_core.shell:Creating prefix chain script '/home/jonurce/Jon/ROS2Projects/idea_0_ws/install/setup.zsh'
