running egg_info
writing ../../build/event_reader/event_reader.egg-info/PKG-INFO
writing dependency_links to ../../build/event_reader/event_reader.egg-info/dependency_links.txt
writing entry points to ../../build/event_reader/event_reader.egg-info/entry_points.txt
writing requirements to ../../build/event_reader/event_reader.egg-info/requires.txt
writing top-level names to ../../build/event_reader/event_reader.egg-info/top_level.txt
reading manifest file '../../build/event_reader/event_reader.egg-info/SOURCES.txt'
adding license file 'LICENSE'
writing manifest file '../../build/event_reader/event_reader.egg-info/SOURCES.txt'
running build
running build_py
running install
running install_lib
running install_data
running install_egg_info
removing '/home/jonurce/Jon/ROS2Projects/idea_0_ws/install/event_reader/lib/python3.10/site-packages/event_reader-0.0.0-py3.10.egg-info' (and everything under it)
Copying ../../build/event_reader/event_reader.egg-info to /home/jonurce/Jon/ROS2Projects/idea_0_ws/install/event_reader/lib/python3.10/site-packages/event_reader-0.0.0-py3.10.egg-info
running install_scripts
Installing print_events script to /home/jonurce/Jon/ROS2Projects/idea_0_ws/install/event_reader/lib/event_reader
writing list of installed files to '/home/jonurce/Jon/ROS2Projects/idea_0_ws/build/event_reader/install.log'
