[0.025s] Invoking command in '/home/jonurce/Jon/ROS2Projects/idea_0_ws/build/composition': AMENT_PREFIX_PATH=/home/jonurce/Jon/ROS2Projects/idea_0_ws/install/event_camera_codecs:${AMENT_PREFIX_PATH} CMAKE_PREFIX_PATH=/home/jonurce/Jon/ROS2Projects/idea_0_ws/install/event_camera_codecs:/home/jonurce/Jon/ROS2Projects/test_ws/install/event_camera_renderer:/home/jonurce/Jon/ROS2Projects/test_ws/install/event_camera_codecs:/home/jonurce/Jon/ROS2Projects/test_ws/install/event_camera_msgs:/opt/ros/humble/opt/openeb_vendor:/opt/ros/humble LD_LIBRARY_PATH=/home/jonurce/Jon/ROS2Projects/idea_0_ws/install/event_camera_codecs/lib:${LD_LIBRARY_PATH} /usr/bin/cmake --build /home/jonurce/Jon/ROS2Projects/idea_0_ws/build/composition -- -j8 -l8
[0.109s] [35m[1mConsolidate compiler generated dependencies of target listener_component[0m
[0.136s] [ 33%] Built target talker_component
[0.146s] [ 50%] [32mBuilding CXX object CMakeFiles/listener_component.dir/src/listener_component.cpp.o[0m
[6.035s] In file included from [01m[K/home/jonurce/Jon/ROS2Projects/idea_0_ws/src/composition/src/listener_component.cpp:1[m[K:
[6.035s] [01m[K/home/jonurce/Jon/ROS2Projects/idea_0_ws/src/composition/include/composition/listener_component.hpp:[m[K In member function ‘[01m[Kvirtual void composition::Listener::MyProcessor::eventCD(uint64_t, uint16_t, uint16_t, uint8_t)[m[K’:
[6.035s] [01m[K/home/jonurce/Jon/ROS2Projects/idea_0_ws/src/composition/include/composition/listener_component.hpp:35:34:[m[K [01;35m[Kwarning: [m[Kunused parameter ‘[01m[Kt[m[K’ [[01;35m[K]8;;https://gcc.gnu.org/onlinedocs/gcc/Warning-Options.html#index-Wunused-parameter-Wunused-parameter]8;;[m[K]
[6.036s]    35 |     inline void eventCD([01;35m[Kuint64_t t[m[K, uint16_t ex, uint16_t ey, uint8_t polarity) override {
[6.036s]       |                         [01;35m[K~~~~~~~~~^[m[K
[19.309s] [ 66%] [32m[1mLinking CXX shared library liblistener_component.so[0m
[20.280s] [ 66%] Built target listener_component
[20.308s] [35m[1mConsolidate compiler generated dependencies of target manual_composition[0m
[20.354s] [ 83%] [32m[1mLinking CXX executable manual_composition[0m
[20.868s] [100%] Built target manual_composition
[20.897s] Invoked command in '/home/jonurce/Jon/ROS2Projects/idea_0_ws/build/composition' returned '0': AMENT_PREFIX_PATH=/home/jonurce/Jon/ROS2Projects/idea_0_ws/install/event_camera_codecs:${AMENT_PREFIX_PATH} CMAKE_PREFIX_PATH=/home/jonurce/Jon/ROS2Projects/idea_0_ws/install/event_camera_codecs:/home/jonurce/Jon/ROS2Projects/test_ws/install/event_camera_renderer:/home/jonurce/Jon/ROS2Projects/test_ws/install/event_camera_codecs:/home/jonurce/Jon/ROS2Projects/test_ws/install/event_camera_msgs:/opt/ros/humble/opt/openeb_vendor:/opt/ros/humble LD_LIBRARY_PATH=/home/jonurce/Jon/ROS2Projects/idea_0_ws/install/event_camera_codecs/lib:${LD_LIBRARY_PATH} /usr/bin/cmake --build /home/jonurce/Jon/ROS2Projects/idea_0_ws/build/composition -- -j8 -l8
[20.920s] Invoking command in '/home/jonurce/Jon/ROS2Projects/idea_0_ws/build/composition': AMENT_PREFIX_PATH=/home/jonurce/Jon/ROS2Projects/idea_0_ws/install/event_camera_codecs:${AMENT_PREFIX_PATH} CMAKE_PREFIX_PATH=/home/jonurce/Jon/ROS2Projects/idea_0_ws/install/event_camera_codecs:/home/jonurce/Jon/ROS2Projects/test_ws/install/event_camera_renderer:/home/jonurce/Jon/ROS2Projects/test_ws/install/event_camera_codecs:/home/jonurce/Jon/ROS2Projects/test_ws/install/event_camera_msgs:/opt/ros/humble/opt/openeb_vendor:/opt/ros/humble LD_LIBRARY_PATH=/home/jonurce/Jon/ROS2Projects/idea_0_ws/install/event_camera_codecs/lib:${LD_LIBRARY_PATH} /usr/bin/cmake --install /home/jonurce/Jon/ROS2Projects/idea_0_ws/build/composition
[20.937s] -- Install configuration: ""
[20.938s] -- Up-to-date: /home/jonurce/Jon/ROS2Projects/idea_0_ws/install/composition/share/composition/environment/library_path.sh
[20.939s] -- Up-to-date: /home/jonurce/Jon/ROS2Projects/idea_0_ws/install/composition/share/composition/environment/library_path.dsv
[20.939s] -- Up-to-date: /home/jonurce/Jon/ROS2Projects/idea_0_ws/install/composition/lib/libtalker_component.so
[20.939s] -- Installing: /home/jonurce/Jon/ROS2Projects/idea_0_ws/install/composition/lib/liblistener_component.so
[20.959s] -- Set runtime path of "/home/jonurce/Jon/ROS2Projects/idea_0_ws/install/composition/lib/liblistener_component.so" to ""
[20.960s] -- Installing: /home/jonurce/Jon/ROS2Projects/idea_0_ws/install/composition/lib/composition/manual_composition
[20.960s] -- Set runtime path of "/home/jonurce/Jon/ROS2Projects/idea_0_ws/install/composition/lib/composition/manual_composition" to ""
[20.961s] -- Up-to-date: /home/jonurce/Jon/ROS2Projects/idea_0_ws/install/composition/share/composition/launch
[20.961s] -- Up-to-date: /home/jonurce/Jon/ROS2Projects/idea_0_ws/install/composition/share/composition/launch/composition_demo.launch.py
[20.961s] -- Up-to-date: /home/jonurce/Jon/ROS2Projects/idea_0_ws/install/composition/share/ament_index/resource_index/package_run_dependencies/composition
[20.961s] -- Up-to-date: /home/jonurce/Jon/ROS2Projects/idea_0_ws/install/composition/share/ament_index/resource_index/parent_prefix_path/composition
[20.961s] -- Up-to-date: /home/jonurce/Jon/ROS2Projects/idea_0_ws/install/composition/share/composition/environment/ament_prefix_path.sh
[20.962s] -- Up-to-date: /home/jonurce/Jon/ROS2Projects/idea_0_ws/install/composition/share/composition/environment/ament_prefix_path.dsv
[20.962s] -- Up-to-date: /home/jonurce/Jon/ROS2Projects/idea_0_ws/install/composition/share/composition/environment/path.sh
[20.962s] -- Up-to-date: /home/jonurce/Jon/ROS2Projects/idea_0_ws/install/composition/share/composition/environment/path.dsv
[20.962s] -- Up-to-date: /home/jonurce/Jon/ROS2Projects/idea_0_ws/install/composition/share/composition/local_setup.bash
[20.962s] -- Up-to-date: /home/jonurce/Jon/ROS2Projects/idea_0_ws/install/composition/share/composition/local_setup.sh
[20.962s] -- Up-to-date: /home/jonurce/Jon/ROS2Projects/idea_0_ws/install/composition/share/composition/local_setup.zsh
[20.962s] -- Up-to-date: /home/jonurce/Jon/ROS2Projects/idea_0_ws/install/composition/share/composition/local_setup.dsv
[20.962s] -- Installing: /home/jonurce/Jon/ROS2Projects/idea_0_ws/install/composition/share/composition/package.dsv
[20.963s] -- Up-to-date: /home/jonurce/Jon/ROS2Projects/idea_0_ws/install/composition/share/ament_index/resource_index/packages/composition
[20.963s] -- Up-to-date: /home/jonurce/Jon/ROS2Projects/idea_0_ws/install/composition/share/ament_index/resource_index/rclcpp_components/composition
[20.963s] -- Up-to-date: /home/jonurce/Jon/ROS2Projects/idea_0_ws/install/composition/share/composition/cmake/compositionConfig.cmake
[20.963s] -- Up-to-date: /home/jonurce/Jon/ROS2Projects/idea_0_ws/install/composition/share/composition/cmake/compositionConfig-version.cmake
[20.963s] -- Up-to-date: /home/jonurce/Jon/ROS2Projects/idea_0_ws/install/composition/share/composition/package.xml
[20.966s] Invoked command in '/home/jonurce/Jon/ROS2Projects/idea_0_ws/build/composition' returned '0': AMENT_PREFIX_PATH=/home/jonurce/Jon/ROS2Projects/idea_0_ws/install/event_camera_codecs:${AMENT_PREFIX_PATH} CMAKE_PREFIX_PATH=/home/jonurce/Jon/ROS2Projects/idea_0_ws/install/event_camera_codecs:/home/jonurce/Jon/ROS2Projects/test_ws/install/event_camera_renderer:/home/jonurce/Jon/ROS2Projects/test_ws/install/event_camera_codecs:/home/jonurce/Jon/ROS2Projects/test_ws/install/event_camera_msgs:/opt/ros/humble/opt/openeb_vendor:/opt/ros/humble LD_LIBRARY_PATH=/home/jonurce/Jon/ROS2Projects/idea_0_ws/install/event_camera_codecs/lib:${LD_LIBRARY_PATH} /usr/bin/cmake --install /home/jonurce/Jon/ROS2Projects/idea_0_ws/build/composition
