[0.206s] DEBUG:colcon:Command line arguments: ['/usr/bin/colcon', 'build', '--packages-select', 'composition']
[0.207s] DEBUG:colcon:Parsed command line arguments: Namespace(log_base=None, log_level=None, verb_name='build', build_base='build', install_base='install', merge_install=False, symlink_install=False, test_result_base=None, continue_on_error=False, executor='parallel', parallel_workers=8, event_handlers=None, ignore_user_meta=False, metas=['./colcon.meta'], base_paths=['.'], packages_ignore=None, packages_ignore_regex=None, paths=None, packages_up_to=None, packages_up_to_regex=None, packages_above=None, packages_above_and_dependencies=None, packages_above_depth=None, packages_select_by_dep=None, packages_skip_by_dep=None, packages_skip_up_to=None, packages_select_build_failed=False, packages_skip_build_finished=False, packages_select_test_failures=False, packages_skip_test_passed=False, packages_select=['composition'], packages_skip=None, packages_select_regex=None, packages_skip_regex=None, packages_start=None, packages_end=None, allow_overriding=[], cmake_args=None, cmake_target=None, cmake_target_skip_unavailable=False, cmake_clean_cache=False, cmake_clean_first=False, cmake_force_configure=False, ament_cmake_args=None, catkin_cmake_args=None, catkin_skip_building_tests=False, mixin_files=None, mixin=None, verb_parser=<colcon_mixin.mixin.mixin_argument.MixinArgumentDecorator object at 0xffffbb180f10>, verb_extension=<colcon_core.verb.build.BuildVerb object at 0xffffbb1809a0>, main=<bound method BuildVerb.main of <colcon_core.verb.build.BuildVerb object at 0xffffbb1809a0>>, mixin_verb=('build',))
[0.520s] Level 1:colcon.colcon_core.package_discovery:discover_packages(colcon_meta) check parameters
[0.521s] Level 1:colcon.colcon_core.package_discovery:discover_packages(recursive) check parameters
[0.521s] Level 1:colcon.colcon_core.package_discovery:discover_packages(ignore) check parameters
[0.521s] Level 1:colcon.colcon_core.package_discovery:discover_packages(path) check parameters
[0.521s] Level 1:colcon.colcon_core.package_discovery:discover_packages(colcon_meta) discover
[0.521s] Level 1:colcon.colcon_core.package_discovery:discover_packages(recursive) discover
[0.521s] INFO:colcon.colcon_core.package_discovery:Crawling recursively for packages in '/home/jonurce/Jon/ROS2Projects/idea_0_ws'
[0.522s] Level 1:colcon.colcon_core.package_identification:_identify(.) by extensions ['ignore', 'ignore_ament_install']
[0.522s] Level 1:colcon.colcon_core.package_identification:_identify(.) by extension 'ignore'
[0.522s] Level 1:colcon.colcon_core.package_identification:_identify(.) by extension 'ignore_ament_install'
[0.522s] Level 1:colcon.colcon_core.package_identification:_identify(.) by extensions ['colcon_pkg']
[0.522s] Level 1:colcon.colcon_core.package_identification:_identify(.) by extension 'colcon_pkg'
[0.522s] Level 1:colcon.colcon_core.package_identification:_identify(.) by extensions ['colcon_meta']
[0.522s] Level 1:colcon.colcon_core.package_identification:_identify(.) by extension 'colcon_meta'
[0.522s] Level 1:colcon.colcon_core.package_identification:_identify(.) by extensions ['ros']
[0.522s] Level 1:colcon.colcon_core.package_identification:_identify(.) by extension 'ros'
[0.545s] Level 1:colcon.colcon_core.package_identification:_identify(.) by extensions ['cmake', 'python']
[0.546s] Level 1:colcon.colcon_core.package_identification:_identify(.) by extension 'cmake'
[0.546s] Level 1:colcon.colcon_core.package_identification:_identify(.) by extension 'python'
[0.546s] Level 1:colcon.colcon_core.package_identification:_identify(.) by extensions ['python_setup_py']
[0.546s] Level 1:colcon.colcon_core.package_identification:_identify(.) by extension 'python_setup_py'
[0.546s] Level 1:colcon.colcon_core.package_identification:_identify(build) by extensions ['ignore', 'ignore_ament_install']
[0.546s] Level 1:colcon.colcon_core.package_identification:_identify(build) by extension 'ignore'
[0.547s] Level 1:colcon.colcon_core.package_identification:_identify(build) ignored
[0.547s] Level 1:colcon.colcon_core.package_identification:_identify(install) by extensions ['ignore', 'ignore_ament_install']
[0.547s] Level 1:colcon.colcon_core.package_identification:_identify(install) by extension 'ignore'
[0.547s] Level 1:colcon.colcon_core.package_identification:_identify(install) ignored
[0.547s] Level 1:colcon.colcon_core.package_identification:_identify(log) by extensions ['ignore', 'ignore_ament_install']
[0.548s] Level 1:colcon.colcon_core.package_identification:_identify(log) by extension 'ignore'
[0.548s] Level 1:colcon.colcon_core.package_identification:_identify(log) ignored
[0.548s] Level 1:colcon.colcon_core.package_identification:_identify(src) by extensions ['ignore', 'ignore_ament_install']
[0.548s] Level 1:colcon.colcon_core.package_identification:_identify(src) by extension 'ignore'
[0.548s] Level 1:colcon.colcon_core.package_identification:_identify(src) by extension 'ignore_ament_install'
[0.548s] Level 1:colcon.colcon_core.package_identification:_identify(src) by extensions ['colcon_pkg']
[0.548s] Level 1:colcon.colcon_core.package_identification:_identify(src) by extension 'colcon_pkg'
[0.549s] Level 1:colcon.colcon_core.package_identification:_identify(src) by extensions ['colcon_meta']
[0.549s] Level 1:colcon.colcon_core.package_identification:_identify(src) by extension 'colcon_meta'
[0.549s] Level 1:colcon.colcon_core.package_identification:_identify(src) by extensions ['ros']
[0.549s] Level 1:colcon.colcon_core.package_identification:_identify(src) by extension 'ros'
[0.549s] Level 1:colcon.colcon_core.package_identification:_identify(src) by extensions ['cmake', 'python']
[0.549s] Level 1:colcon.colcon_core.package_identification:_identify(src) by extension 'cmake'
[0.549s] Level 1:colcon.colcon_core.package_identification:_identify(src) by extension 'python'
[0.549s] Level 1:colcon.colcon_core.package_identification:_identify(src) by extensions ['python_setup_py']
[0.549s] Level 1:colcon.colcon_core.package_identification:_identify(src) by extension 'python_setup_py'
[0.549s] Level 1:colcon.colcon_core.package_identification:_identify(src/composition) by extensions ['ignore', 'ignore_ament_install']
[0.550s] Level 1:colcon.colcon_core.package_identification:_identify(src/composition) by extension 'ignore'
[0.550s] Level 1:colcon.colcon_core.package_identification:_identify(src/composition) by extension 'ignore_ament_install'
[0.550s] Level 1:colcon.colcon_core.package_identification:_identify(src/composition) by extensions ['colcon_pkg']
[0.550s] Level 1:colcon.colcon_core.package_identification:_identify(src/composition) by extension 'colcon_pkg'
[0.550s] Level 1:colcon.colcon_core.package_identification:_identify(src/composition) by extensions ['colcon_meta']
[0.550s] Level 1:colcon.colcon_core.package_identification:_identify(src/composition) by extension 'colcon_meta'
[0.550s] Level 1:colcon.colcon_core.package_identification:_identify(src/composition) by extensions ['ros']
[0.550s] Level 1:colcon.colcon_core.package_identification:_identify(src/composition) by extension 'ros'
[0.556s] DEBUG:colcon.colcon_core.package_identification:Package 'src/composition' with type 'ros.ament_cmake' and name 'composition'
[0.556s] Level 1:colcon.colcon_core.package_identification:_identify(src/event_camera_codecs) by extensions ['ignore', 'ignore_ament_install']
[0.556s] Level 1:colcon.colcon_core.package_identification:_identify(src/event_camera_codecs) by extension 'ignore'
[0.556s] Level 1:colcon.colcon_core.package_identification:_identify(src/event_camera_codecs) by extension 'ignore_ament_install'
[0.556s] Level 1:colcon.colcon_core.package_identification:_identify(src/event_camera_codecs) by extensions ['colcon_pkg']
[0.557s] Level 1:colcon.colcon_core.package_identification:_identify(src/event_camera_codecs) by extension 'colcon_pkg'
[0.557s] Level 1:colcon.colcon_core.package_identification:_identify(src/event_camera_codecs) by extensions ['colcon_meta']
[0.557s] Level 1:colcon.colcon_core.package_identification:_identify(src/event_camera_codecs) by extension 'colcon_meta'
[0.557s] Level 1:colcon.colcon_core.package_identification:_identify(src/event_camera_codecs) by extensions ['ros']
[0.557s] Level 1:colcon.colcon_core.package_identification:_identify(src/event_camera_codecs) by extension 'ros'
[0.569s] DEBUG:colcon.colcon_core.package_identification:Package 'src/event_camera_codecs' with type 'ros.ament_cmake' and name 'event_camera_codecs'
[0.570s] Level 1:colcon.colcon_core.package_identification:_identify(src/event_reader) by extensions ['ignore', 'ignore_ament_install']
[0.570s] Level 1:colcon.colcon_core.package_identification:_identify(src/event_reader) by extension 'ignore'
[0.570s] Level 1:colcon.colcon_core.package_identification:_identify(src/event_reader) by extension 'ignore_ament_install'
[0.570s] Level 1:colcon.colcon_core.package_identification:_identify(src/event_reader) by extensions ['colcon_pkg']
[0.570s] Level 1:colcon.colcon_core.package_identification:_identify(src/event_reader) by extension 'colcon_pkg'
[0.570s] Level 1:colcon.colcon_core.package_identification:_identify(src/event_reader) by extensions ['colcon_meta']
[0.570s] Level 1:colcon.colcon_core.package_identification:_identify(src/event_reader) by extension 'colcon_meta'
[0.570s] Level 1:colcon.colcon_core.package_identification:_identify(src/event_reader) by extensions ['ros']
[0.571s] Level 1:colcon.colcon_core.package_identification:_identify(src/event_reader) by extension 'ros'
[0.572s] DEBUG:colcon.colcon_core.package_identification:Package 'src/event_reader' with type 'ros.ament_python' and name 'event_reader'
[0.572s] Level 1:colcon.colcon_core.package_discovery:discover_packages(recursive) using defaults
[0.572s] Level 1:colcon.colcon_core.package_discovery:discover_packages(ignore) discover
[0.573s] Level 1:colcon.colcon_core.package_discovery:discover_packages(ignore) using defaults
[0.573s] Level 1:colcon.colcon_core.package_discovery:discover_packages(path) discover
[0.573s] Level 1:colcon.colcon_core.package_discovery:discover_packages(path) using defaults
[0.640s] INFO:colcon.colcon_core.package_selection:Skipping not selected package 'event_camera_codecs' in 'src/event_camera_codecs'
[0.640s] INFO:colcon.colcon_core.package_selection:Skipping not selected package 'event_reader' in 'src/event_reader'
[0.641s] Level 1:colcon.colcon_core.package_discovery:discover_packages(prefix_path) check parameters
[0.641s] Level 1:colcon.colcon_core.package_discovery:discover_packages(prefix_path) discover
[0.644s] DEBUG:colcon.colcon_installed_package_information.package_discovery:Found 3 installed packages in /home/jonurce/Jon/ROS2Projects/test_ws/install
[0.646s] DEBUG:colcon.colcon_installed_package_information.package_discovery:Found 244 installed packages in /opt/ros/humble
[0.648s] Level 1:colcon.colcon_core.package_discovery:discover_packages(prefix_path) using defaults
[0.713s] Level 5:colcon.colcon_core.verb:set package 'composition' build argument 'cmake_args' from command line to 'None'
[0.714s] Level 5:colcon.colcon_core.verb:set package 'composition' build argument 'cmake_target' from command line to 'None'
[0.714s] Level 5:colcon.colcon_core.verb:set package 'composition' build argument 'cmake_target_skip_unavailable' from command line to 'False'
[0.714s] Level 5:colcon.colcon_core.verb:set package 'composition' build argument 'cmake_clean_cache' from command line to 'False'
[0.714s] Level 5:colcon.colcon_core.verb:set package 'composition' build argument 'cmake_clean_first' from command line to 'False'
[0.714s] Level 5:colcon.colcon_core.verb:set package 'composition' build argument 'cmake_force_configure' from command line to 'False'
[0.714s] Level 5:colcon.colcon_core.verb:set package 'composition' build argument 'ament_cmake_args' from command line to 'None'
[0.714s] Level 5:colcon.colcon_core.verb:set package 'composition' build argument 'catkin_cmake_args' from command line to 'None'
[0.714s] Level 5:colcon.colcon_core.verb:set package 'composition' build argument 'catkin_skip_building_tests' from command line to 'False'
[0.714s] DEBUG:colcon.colcon_core.verb:Building package 'composition' with the following arguments: {'ament_cmake_args': None, 'build_base': '/home/jonurce/Jon/ROS2Projects/idea_0_ws/build/composition', 'catkin_cmake_args': None, 'catkin_skip_building_tests': False, 'cmake_args': None, 'cmake_clean_cache': False, 'cmake_clean_first': False, 'cmake_force_configure': False, 'cmake_target': None, 'cmake_target_skip_unavailable': False, 'install_base': '/home/jonurce/Jon/ROS2Projects/idea_0_ws/install/composition', 'merge_install': False, 'path': '/home/jonurce/Jon/ROS2Projects/idea_0_ws/src/composition', 'symlink_install': False, 'test_result_base': None}
[0.714s] INFO:colcon.colcon_core.executor:Executing jobs using 'parallel' executor
[0.717s] DEBUG:colcon.colcon_parallel_executor.executor.parallel:run_until_complete
[0.718s] INFO:colcon.colcon_ros.task.ament_cmake.build:Building ROS package in '/home/jonurce/Jon/ROS2Projects/idea_0_ws/src/composition' with build type 'ament_cmake'
[0.718s] INFO:colcon.colcon_cmake.task.cmake.build:Building CMake package in '/home/jonurce/Jon/ROS2Projects/idea_0_ws/src/composition'
[0.722s] INFO:colcon.colcon_core.plugin_system:Skipping extension 'colcon_core.shell.bat': Not used on non-Windows systems
[0.722s] INFO:colcon.colcon_core.shell:Skip shell extension 'powershell' for command environment: Not usable outside of PowerShell
[0.722s] DEBUG:colcon.colcon_core.shell:Skip shell extension 'dsv' for command environment
[0.746s] DEBUG:colcon.colcon_core.event_handler.log_command:Invoking command in '/home/jonurce/Jon/ROS2Projects/idea_0_ws/build/composition': AMENT_PREFIX_PATH=/home/jonurce/Jon/ROS2Projects/idea_0_ws/install/event_camera_codecs:${AMENT_PREFIX_PATH} CMAKE_PREFIX_PATH=/home/jonurce/Jon/ROS2Projects/idea_0_ws/install/event_camera_codecs:/home/jonurce/Jon/ROS2Projects/test_ws/install/event_camera_renderer:/home/jonurce/Jon/ROS2Projects/test_ws/install/event_camera_codecs:/home/jonurce/Jon/ROS2Projects/test_ws/install/event_camera_msgs:/opt/ros/humble/opt/openeb_vendor:/opt/ros/humble LD_LIBRARY_PATH=/home/jonurce/Jon/ROS2Projects/idea_0_ws/install/event_camera_codecs/lib:${LD_LIBRARY_PATH} /usr/bin/cmake --build /home/jonurce/Jon/ROS2Projects/idea_0_ws/build/composition -- -j8 -l8
[30.303s] DEBUG:colcon.colcon_core.event_handler.log_command:Invoked command in '/home/jonurce/Jon/ROS2Projects/idea_0_ws/build/composition' returned '0': AMENT_PREFIX_PATH=/home/jonurce/Jon/ROS2Projects/idea_0_ws/install/event_camera_codecs:${AMENT_PREFIX_PATH} CMAKE_PREFIX_PATH=/home/jonurce/Jon/ROS2Projects/idea_0_ws/install/event_camera_codecs:/home/jonurce/Jon/ROS2Projects/test_ws/install/event_camera_renderer:/home/jonurce/Jon/ROS2Projects/test_ws/install/event_camera_codecs:/home/jonurce/Jon/ROS2Projects/test_ws/install/event_camera_msgs:/opt/ros/humble/opt/openeb_vendor:/opt/ros/humble LD_LIBRARY_PATH=/home/jonurce/Jon/ROS2Projects/idea_0_ws/install/event_camera_codecs/lib:${LD_LIBRARY_PATH} /usr/bin/cmake --build /home/jonurce/Jon/ROS2Projects/idea_0_ws/build/composition -- -j8 -l8
[30.330s] DEBUG:colcon.colcon_core.event_handler.log_command:Invoking command in '/home/jonurce/Jon/ROS2Projects/idea_0_ws/build/composition': AMENT_PREFIX_PATH=/home/jonurce/Jon/ROS2Projects/idea_0_ws/install/event_camera_codecs:${AMENT_PREFIX_PATH} CMAKE_PREFIX_PATH=/home/jonurce/Jon/ROS2Projects/idea_0_ws/install/event_camera_codecs:/home/jonurce/Jon/ROS2Projects/test_ws/install/event_camera_renderer:/home/jonurce/Jon/ROS2Projects/test_ws/install/event_camera_codecs:/home/jonurce/Jon/ROS2Projects/test_ws/install/event_camera_msgs:/opt/ros/humble/opt/openeb_vendor:/opt/ros/humble LD_LIBRARY_PATH=/home/jonurce/Jon/ROS2Projects/idea_0_ws/install/event_camera_codecs/lib:${LD_LIBRARY_PATH} /usr/bin/cmake --install /home/jonurce/Jon/ROS2Projects/idea_0_ws/build/composition
[30.376s] Level 1:colcon.colcon_core.environment:create_environment_scripts_only(composition)
[30.379s] DEBUG:colcon.colcon_core.event_handler.log_command:Invoked command in '/home/jonurce/Jon/ROS2Projects/idea_0_ws/build/composition' returned '0': AMENT_PREFIX_PATH=/home/jonurce/Jon/ROS2Projects/idea_0_ws/install/event_camera_codecs:${AMENT_PREFIX_PATH} CMAKE_PREFIX_PATH=/home/jonurce/Jon/ROS2Projects/idea_0_ws/install/event_camera_codecs:/home/jonurce/Jon/ROS2Projects/test_ws/install/event_camera_renderer:/home/jonurce/Jon/ROS2Projects/test_ws/install/event_camera_codecs:/home/jonurce/Jon/ROS2Projects/test_ws/install/event_camera_msgs:/opt/ros/humble/opt/openeb_vendor:/opt/ros/humble LD_LIBRARY_PATH=/home/jonurce/Jon/ROS2Projects/idea_0_ws/install/event_camera_codecs/lib:${LD_LIBRARY_PATH} /usr/bin/cmake --install /home/jonurce/Jon/ROS2Projects/idea_0_ws/build/composition
[30.388s] Level 1:colcon.colcon_core.environment:checking '/home/jonurce/Jon/ROS2Projects/idea_0_ws/install/composition' for CMake module files
[30.391s] Level 1:colcon.colcon_core.environment:checking '/home/jonurce/Jon/ROS2Projects/idea_0_ws/install/composition' for CMake config files
[30.392s] Level 1:colcon.colcon_core.shell:create_environment_hook('composition', 'cmake_prefix_path')
[30.393s] INFO:colcon.colcon_core.shell:Creating environment hook '/home/jonurce/Jon/ROS2Projects/idea_0_ws/install/composition/share/composition/hook/cmake_prefix_path.ps1'
[30.396s] INFO:colcon.colcon_core.shell:Creating environment descriptor '/home/jonurce/Jon/ROS2Projects/idea_0_ws/install/composition/share/composition/hook/cmake_prefix_path.dsv'
[30.397s] INFO:colcon.colcon_core.shell:Creating environment hook '/home/jonurce/Jon/ROS2Projects/idea_0_ws/install/composition/share/composition/hook/cmake_prefix_path.sh'
[30.401s] Level 1:colcon.colcon_core.environment:checking '/home/jonurce/Jon/ROS2Projects/idea_0_ws/install/composition/lib'
[30.401s] Level 1:colcon.colcon_core.shell:create_environment_hook('composition', 'ld_library_path_lib')
[30.402s] INFO:colcon.colcon_core.shell:Creating environment hook '/home/jonurce/Jon/ROS2Projects/idea_0_ws/install/composition/share/composition/hook/ld_library_path_lib.ps1'
[30.404s] INFO:colcon.colcon_core.shell:Creating environment descriptor '/home/jonurce/Jon/ROS2Projects/idea_0_ws/install/composition/share/composition/hook/ld_library_path_lib.dsv'
[30.405s] INFO:colcon.colcon_core.shell:Creating environment hook '/home/jonurce/Jon/ROS2Projects/idea_0_ws/install/composition/share/composition/hook/ld_library_path_lib.sh'
[30.407s] Level 1:colcon.colcon_core.environment:checking '/home/jonurce/Jon/ROS2Projects/idea_0_ws/install/composition/bin'
[30.407s] Level 1:colcon.colcon_core.environment:checking '/home/jonurce/Jon/ROS2Projects/idea_0_ws/install/composition/lib/pkgconfig/composition.pc'
[30.408s] Level 1:colcon.colcon_core.environment:checking '/home/jonurce/Jon/ROS2Projects/idea_0_ws/install/composition/lib/python3.10/site-packages'
[30.409s] Level 1:colcon.colcon_core.environment:checking '/home/jonurce/Jon/ROS2Projects/idea_0_ws/install/composition/bin'
[30.410s] INFO:colcon.colcon_core.shell:Creating package script '/home/jonurce/Jon/ROS2Projects/idea_0_ws/install/composition/share/composition/package.ps1'
[30.413s] INFO:colcon.colcon_core.shell:Creating package descriptor '/home/jonurce/Jon/ROS2Projects/idea_0_ws/install/composition/share/composition/package.dsv'
[30.416s] INFO:colcon.colcon_core.shell:Creating package script '/home/jonurce/Jon/ROS2Projects/idea_0_ws/install/composition/share/composition/package.sh'
[30.418s] INFO:colcon.colcon_core.shell:Creating package script '/home/jonurce/Jon/ROS2Projects/idea_0_ws/install/composition/share/composition/package.bash'
[30.421s] INFO:colcon.colcon_core.shell:Creating package script '/home/jonurce/Jon/ROS2Projects/idea_0_ws/install/composition/share/composition/package.zsh'
[30.424s] Level 1:colcon.colcon_core.environment:create_file_with_runtime_dependencies(/home/jonurce/Jon/ROS2Projects/idea_0_ws/install/composition/share/colcon-core/packages/composition)
[30.426s] Level 1:colcon.colcon_core.environment:create_environment_scripts_only(composition)
[30.427s] Level 1:colcon.colcon_core.environment:checking '/home/jonurce/Jon/ROS2Projects/idea_0_ws/install/composition' for CMake module files
[30.429s] Level 1:colcon.colcon_core.environment:checking '/home/jonurce/Jon/ROS2Projects/idea_0_ws/install/composition' for CMake config files
[30.430s] Level 1:colcon.colcon_core.shell:create_environment_hook('composition', 'cmake_prefix_path')
[30.431s] INFO:colcon.colcon_core.shell:Creating environment hook '/home/jonurce/Jon/ROS2Projects/idea_0_ws/install/composition/share/composition/hook/cmake_prefix_path.ps1'
[30.432s] INFO:colcon.colcon_core.shell:Creating environment descriptor '/home/jonurce/Jon/ROS2Projects/idea_0_ws/install/composition/share/composition/hook/cmake_prefix_path.dsv'
[30.434s] INFO:colcon.colcon_core.shell:Creating environment hook '/home/jonurce/Jon/ROS2Projects/idea_0_ws/install/composition/share/composition/hook/cmake_prefix_path.sh'
[30.435s] Level 1:colcon.colcon_core.environment:checking '/home/jonurce/Jon/ROS2Projects/idea_0_ws/install/composition/lib'
[30.436s] Level 1:colcon.colcon_core.shell:create_environment_hook('composition', 'ld_library_path_lib')
[30.436s] INFO:colcon.colcon_core.shell:Creating environment hook '/home/jonurce/Jon/ROS2Projects/idea_0_ws/install/composition/share/composition/hook/ld_library_path_lib.ps1'
[30.437s] INFO:colcon.colcon_core.shell:Creating environment descriptor '/home/jonurce/Jon/ROS2Projects/idea_0_ws/install/composition/share/composition/hook/ld_library_path_lib.dsv'
[30.438s] INFO:colcon.colcon_core.shell:Creating environment hook '/home/jonurce/Jon/ROS2Projects/idea_0_ws/install/composition/share/composition/hook/ld_library_path_lib.sh'
[30.440s] Level 1:colcon.colcon_core.environment:checking '/home/jonurce/Jon/ROS2Projects/idea_0_ws/install/composition/bin'
[30.440s] Level 1:colcon.colcon_core.environment:checking '/home/jonurce/Jon/ROS2Projects/idea_0_ws/install/composition/lib/pkgconfig/composition.pc'
[30.441s] Level 1:colcon.colcon_core.environment:checking '/home/jonurce/Jon/ROS2Projects/idea_0_ws/install/composition/lib/python3.10/site-packages'
[30.441s] Level 1:colcon.colcon_core.environment:checking '/home/jonurce/Jon/ROS2Projects/idea_0_ws/install/composition/bin'
[30.442s] INFO:colcon.colcon_core.shell:Creating package script '/home/jonurce/Jon/ROS2Projects/idea_0_ws/install/composition/share/composition/package.ps1'
[30.444s] INFO:colcon.colcon_core.shell:Creating package descriptor '/home/jonurce/Jon/ROS2Projects/idea_0_ws/install/composition/share/composition/package.dsv'
[30.445s] INFO:colcon.colcon_core.shell:Creating package script '/home/jonurce/Jon/ROS2Projects/idea_0_ws/install/composition/share/composition/package.sh'
[30.447s] INFO:colcon.colcon_core.shell:Creating package script '/home/jonurce/Jon/ROS2Projects/idea_0_ws/install/composition/share/composition/package.bash'
[30.448s] INFO:colcon.colcon_core.shell:Creating package script '/home/jonurce/Jon/ROS2Projects/idea_0_ws/install/composition/share/composition/package.zsh'
[30.449s] Level 1:colcon.colcon_core.environment:create_file_with_runtime_dependencies(/home/jonurce/Jon/ROS2Projects/idea_0_ws/install/composition/share/colcon-core/packages/composition)
[30.450s] DEBUG:colcon.colcon_parallel_executor.executor.parallel:closing loop
[30.451s] DEBUG:colcon.colcon_parallel_executor.executor.parallel:loop closed
[30.451s] DEBUG:colcon.colcon_parallel_executor.executor.parallel:run_until_complete finished with '0'
[30.452s] DEBUG:colcon.colcon_core.event_reactor:joining thread
[30.472s] INFO:colcon.colcon_core.plugin_system:Skipping extension 'colcon_notification.desktop_notification.terminal_notifier': Not used on non-Darwin systems
[30.473s] INFO:colcon.colcon_core.plugin_system:Skipping extension 'colcon_notification.desktop_notification.win32': Not used on non-Windows systems
[30.473s] INFO:colcon.colcon_notification.desktop_notification:Sending desktop notification using 'notify2'
[30.516s] DEBUG:colcon.colcon_core.event_reactor:joined thread
[30.517s] INFO:colcon.colcon_core.shell:Creating prefix script '/home/jonurce/Jon/ROS2Projects/idea_0_ws/install/local_setup.ps1'
[30.521s] INFO:colcon.colcon_core.shell:Creating prefix util module '/home/jonurce/Jon/ROS2Projects/idea_0_ws/install/_local_setup_util_ps1.py'
[30.526s] INFO:colcon.colcon_core.shell:Creating prefix chain script '/home/jonurce/Jon/ROS2Projects/idea_0_ws/install/setup.ps1'
[30.529s] INFO:colcon.colcon_core.shell:Creating prefix script '/home/jonurce/Jon/ROS2Projects/idea_0_ws/install/local_setup.sh'
[30.532s] INFO:colcon.colcon_core.shell:Creating prefix util module '/home/jonurce/Jon/ROS2Projects/idea_0_ws/install/_local_setup_util_sh.py'
[30.534s] INFO:colcon.colcon_core.shell:Creating prefix chain script '/home/jonurce/Jon/ROS2Projects/idea_0_ws/install/setup.sh'
[30.537s] INFO:colcon.colcon_core.shell:Creating prefix script '/home/jonurce/Jon/ROS2Projects/idea_0_ws/install/local_setup.bash'
[30.539s] INFO:colcon.colcon_core.shell:Creating prefix chain script '/home/jonurce/Jon/ROS2Projects/idea_0_ws/install/setup.bash'
[30.543s] INFO:colcon.colcon_core.shell:Creating prefix script '/home/jonurce/Jon/ROS2Projects/idea_0_ws/install/local_setup.zsh'
[30.546s] INFO:colcon.colcon_core.shell:Creating prefix chain script '/home/jonurce/Jon/ROS2Projects/idea_0_ws/install/setup.zsh'
