[0.222s] DEBUG:colcon:Command line arguments: ['/usr/bin/colcon', 'build', '--packages-select', 'composition']
[0.222s] DEBUG:colcon:Parsed command line arguments: Namespace(log_base=None, log_level=None, verb_name='build', build_base='build', install_base='install', merge_install=False, symlink_install=False, test_result_base=None, continue_on_error=False, executor='parallel', parallel_workers=8, event_handlers=None, ignore_user_meta=False, metas=['./colcon.meta'], base_paths=['.'], packages_ignore=None, packages_ignore_regex=None, paths=None, packages_up_to=None, packages_up_to_regex=None, packages_above=None, packages_above_and_dependencies=None, packages_above_depth=None, packages_select_by_dep=None, packages_skip_by_dep=None, packages_skip_up_to=None, packages_select_build_failed=False, packages_skip_build_finished=False, packages_select_test_failures=False, packages_skip_test_passed=False, packages_select=['composition'], packages_skip=None, packages_select_regex=None, packages_skip_regex=None, packages_start=None, packages_end=None, allow_overriding=[], cmake_args=None, cmake_target=None, cmake_target_skip_unavailable=False, cmake_clean_cache=False, cmake_clean_first=False, cmake_force_configure=False, ament_cmake_args=None, catkin_cmake_args=None, catkin_skip_building_tests=False, mixin_files=None, mixin=None, verb_parser=<colcon_mixin.mixin.mixin_argument.MixinArgumentDecorator object at 0xffff95e70f10>, verb_extension=<colcon_core.verb.build.BuildVerb object at 0xffff95e709a0>, main=<bound method BuildVerb.main of <colcon_core.verb.build.BuildVerb object at 0xffff95e709a0>>, mixin_verb=('build',))
[0.534s] Level 1:colcon.colcon_core.package_discovery:discover_packages(colcon_meta) check parameters
[0.534s] Level 1:colcon.colcon_core.package_discovery:discover_packages(recursive) check parameters
[0.534s] Level 1:colcon.colcon_core.package_discovery:discover_packages(ignore) check parameters
[0.534s] Level 1:colcon.colcon_core.package_discovery:discover_packages(path) check parameters
[0.535s] Level 1:colcon.colcon_core.package_discovery:discover_packages(colcon_meta) discover
[0.535s] Level 1:colcon.colcon_core.package_discovery:discover_packages(recursive) discover
[0.535s] INFO:colcon.colcon_core.package_discovery:Crawling recursively for packages in '/home/jonurce/Jon/ROS2Projects/idea_0_ws'
[0.535s] Level 1:colcon.colcon_core.package_identification:_identify(.) by extensions ['ignore', 'ignore_ament_install']
[0.535s] Level 1:colcon.colcon_core.package_identification:_identify(.) by extension 'ignore'
[0.535s] Level 1:colcon.colcon_core.package_identification:_identify(.) by extension 'ignore_ament_install'
[0.535s] Level 1:colcon.colcon_core.package_identification:_identify(.) by extensions ['colcon_pkg']
[0.536s] Level 1:colcon.colcon_core.package_identification:_identify(.) by extension 'colcon_pkg'
[0.536s] Level 1:colcon.colcon_core.package_identification:_identify(.) by extensions ['colcon_meta']
[0.536s] Level 1:colcon.colcon_core.package_identification:_identify(.) by extension 'colcon_meta'
[0.536s] Level 1:colcon.colcon_core.package_identification:_identify(.) by extensions ['ros']
[0.536s] Level 1:colcon.colcon_core.package_identification:_identify(.) by extension 'ros'
[0.560s] Level 1:colcon.colcon_core.package_identification:_identify(.) by extensions ['cmake', 'python']
[0.560s] Level 1:colcon.colcon_core.package_identification:_identify(.) by extension 'cmake'
[0.560s] Level 1:colcon.colcon_core.package_identification:_identify(.) by extension 'python'
[0.560s] Level 1:colcon.colcon_core.package_identification:_identify(.) by extensions ['python_setup_py']
[0.560s] Level 1:colcon.colcon_core.package_identification:_identify(.) by extension 'python_setup_py'
[0.561s] Level 1:colcon.colcon_core.package_identification:_identify(build) by extensions ['ignore', 'ignore_ament_install']
[0.561s] Level 1:colcon.colcon_core.package_identification:_identify(build) by extension 'ignore'
[0.561s] Level 1:colcon.colcon_core.package_identification:_identify(build) ignored
[0.561s] Level 1:colcon.colcon_core.package_identification:_identify(install) by extensions ['ignore', 'ignore_ament_install']
[0.562s] Level 1:colcon.colcon_core.package_identification:_identify(install) by extension 'ignore'
[0.562s] Level 1:colcon.colcon_core.package_identification:_identify(install) ignored
[0.562s] Level 1:colcon.colcon_core.package_identification:_identify(log) by extensions ['ignore', 'ignore_ament_install']
[0.562s] Level 1:colcon.colcon_core.package_identification:_identify(log) by extension 'ignore'
[0.562s] Level 1:colcon.colcon_core.package_identification:_identify(log) ignored
[0.562s] Level 1:colcon.colcon_core.package_identification:_identify(src) by extensions ['ignore', 'ignore_ament_install']
[0.562s] Level 1:colcon.colcon_core.package_identification:_identify(src) by extension 'ignore'
[0.563s] Level 1:colcon.colcon_core.package_identification:_identify(src) by extension 'ignore_ament_install'
[0.563s] Level 1:colcon.colcon_core.package_identification:_identify(src) by extensions ['colcon_pkg']
[0.563s] Level 1:colcon.colcon_core.package_identification:_identify(src) by extension 'colcon_pkg'
[0.563s] Level 1:colcon.colcon_core.package_identification:_identify(src) by extensions ['colcon_meta']
[0.563s] Level 1:colcon.colcon_core.package_identification:_identify(src) by extension 'colcon_meta'
[0.563s] Level 1:colcon.colcon_core.package_identification:_identify(src) by extensions ['ros']
[0.563s] Level 1:colcon.colcon_core.package_identification:_identify(src) by extension 'ros'
[0.563s] Level 1:colcon.colcon_core.package_identification:_identify(src) by extensions ['cmake', 'python']
[0.563s] Level 1:colcon.colcon_core.package_identification:_identify(src) by extension 'cmake'
[0.563s] Level 1:colcon.colcon_core.package_identification:_identify(src) by extension 'python'
[0.563s] Level 1:colcon.colcon_core.package_identification:_identify(src) by extensions ['python_setup_py']
[0.564s] Level 1:colcon.colcon_core.package_identification:_identify(src) by extension 'python_setup_py'
[0.564s] Level 1:colcon.colcon_core.package_identification:_identify(src/composition) by extensions ['ignore', 'ignore_ament_install']
[0.564s] Level 1:colcon.colcon_core.package_identification:_identify(src/composition) by extension 'ignore'
[0.564s] Level 1:colcon.colcon_core.package_identification:_identify(src/composition) by extension 'ignore_ament_install'
[0.564s] Level 1:colcon.colcon_core.package_identification:_identify(src/composition) by extensions ['colcon_pkg']
[0.564s] Level 1:colcon.colcon_core.package_identification:_identify(src/composition) by extension 'colcon_pkg'
[0.564s] Level 1:colcon.colcon_core.package_identification:_identify(src/composition) by extensions ['colcon_meta']
[0.564s] Level 1:colcon.colcon_core.package_identification:_identify(src/composition) by extension 'colcon_meta'
[0.564s] Level 1:colcon.colcon_core.package_identification:_identify(src/composition) by extensions ['ros']
[0.564s] Level 1:colcon.colcon_core.package_identification:_identify(src/composition) by extension 'ros'
[0.569s] DEBUG:colcon.colcon_core.package_identification:Package 'src/composition' with type 'ros.ament_cmake' and name 'composition'
[0.570s] Level 1:colcon.colcon_core.package_identification:_identify(src/event_camera_codecs) by extensions ['ignore', 'ignore_ament_install']
[0.570s] Level 1:colcon.colcon_core.package_identification:_identify(src/event_camera_codecs) by extension 'ignore'
[0.570s] Level 1:colcon.colcon_core.package_identification:_identify(src/event_camera_codecs) by extension 'ignore_ament_install'
[0.570s] Level 1:colcon.colcon_core.package_identification:_identify(src/event_camera_codecs) by extensions ['colcon_pkg']
[0.570s] Level 1:colcon.colcon_core.package_identification:_identify(src/event_camera_codecs) by extension 'colcon_pkg'
[0.570s] Level 1:colcon.colcon_core.package_identification:_identify(src/event_camera_codecs) by extensions ['colcon_meta']
[0.570s] Level 1:colcon.colcon_core.package_identification:_identify(src/event_camera_codecs) by extension 'colcon_meta'
[0.571s] Level 1:colcon.colcon_core.package_identification:_identify(src/event_camera_codecs) by extensions ['ros']
[0.571s] Level 1:colcon.colcon_core.package_identification:_identify(src/event_camera_codecs) by extension 'ros'
[0.583s] DEBUG:colcon.colcon_core.package_identification:Package 'src/event_camera_codecs' with type 'ros.ament_cmake' and name 'event_camera_codecs'
[0.584s] Level 1:colcon.colcon_core.package_identification:_identify(src/event_reader) by extensions ['ignore', 'ignore_ament_install']
[0.584s] Level 1:colcon.colcon_core.package_identification:_identify(src/event_reader) by extension 'ignore'
[0.584s] Level 1:colcon.colcon_core.package_identification:_identify(src/event_reader) by extension 'ignore_ament_install'
[0.584s] Level 1:colcon.colcon_core.package_identification:_identify(src/event_reader) by extensions ['colcon_pkg']
[0.585s] Level 1:colcon.colcon_core.package_identification:_identify(src/event_reader) by extension 'colcon_pkg'
[0.585s] Level 1:colcon.colcon_core.package_identification:_identify(src/event_reader) by extensions ['colcon_meta']
[0.585s] Level 1:colcon.colcon_core.package_identification:_identify(src/event_reader) by extension 'colcon_meta'
[0.585s] Level 1:colcon.colcon_core.package_identification:_identify(src/event_reader) by extensions ['ros']
[0.585s] Level 1:colcon.colcon_core.package_identification:_identify(src/event_reader) by extension 'ros'
[0.586s] DEBUG:colcon.colcon_core.package_identification:Package 'src/event_reader' with type 'ros.ament_python' and name 'event_reader'
[0.586s] Level 1:colcon.colcon_core.package_discovery:discover_packages(recursive) using defaults
[0.587s] Level 1:colcon.colcon_core.package_discovery:discover_packages(ignore) discover
[0.587s] Level 1:colcon.colcon_core.package_discovery:discover_packages(ignore) using defaults
[0.587s] Level 1:colcon.colcon_core.package_discovery:discover_packages(path) discover
[0.587s] Level 1:colcon.colcon_core.package_discovery:discover_packages(path) using defaults
[0.652s] INFO:colcon.colcon_core.package_selection:Skipping not selected package 'event_camera_codecs' in 'src/event_camera_codecs'
[0.653s] INFO:colcon.colcon_core.package_selection:Skipping not selected package 'event_reader' in 'src/event_reader'
[0.653s] Level 1:colcon.colcon_core.package_discovery:discover_packages(prefix_path) check parameters
[0.653s] Level 1:colcon.colcon_core.package_discovery:discover_packages(prefix_path) discover
[0.657s] DEBUG:colcon.colcon_installed_package_information.package_discovery:Found 3 installed packages in /home/jonurce/Jon/ROS2Projects/test_ws/install
[0.659s] DEBUG:colcon.colcon_installed_package_information.package_discovery:Found 244 installed packages in /opt/ros/humble
[0.662s] Level 1:colcon.colcon_core.package_discovery:discover_packages(prefix_path) using defaults
[0.728s] Level 5:colcon.colcon_core.verb:set package 'composition' build argument 'cmake_args' from command line to 'None'
[0.728s] Level 5:colcon.colcon_core.verb:set package 'composition' build argument 'cmake_target' from command line to 'None'
[0.728s] Level 5:colcon.colcon_core.verb:set package 'composition' build argument 'cmake_target_skip_unavailable' from command line to 'False'
[0.729s] Level 5:colcon.colcon_core.verb:set package 'composition' build argument 'cmake_clean_cache' from command line to 'False'
[0.729s] Level 5:colcon.colcon_core.verb:set package 'composition' build argument 'cmake_clean_first' from command line to 'False'
[0.729s] Level 5:colcon.colcon_core.verb:set package 'composition' build argument 'cmake_force_configure' from command line to 'False'
[0.729s] Level 5:colcon.colcon_core.verb:set package 'composition' build argument 'ament_cmake_args' from command line to 'None'
[0.729s] Level 5:colcon.colcon_core.verb:set package 'composition' build argument 'catkin_cmake_args' from command line to 'None'
[0.729s] Level 5:colcon.colcon_core.verb:set package 'composition' build argument 'catkin_skip_building_tests' from command line to 'False'
[0.729s] DEBUG:colcon.colcon_core.verb:Building package 'composition' with the following arguments: {'ament_cmake_args': None, 'build_base': '/home/jonurce/Jon/ROS2Projects/idea_0_ws/build/composition', 'catkin_cmake_args': None, 'catkin_skip_building_tests': False, 'cmake_args': None, 'cmake_clean_cache': False, 'cmake_clean_first': False, 'cmake_force_configure': False, 'cmake_target': None, 'cmake_target_skip_unavailable': False, 'install_base': '/home/jonurce/Jon/ROS2Projects/idea_0_ws/install/composition', 'merge_install': False, 'path': '/home/jonurce/Jon/ROS2Projects/idea_0_ws/src/composition', 'symlink_install': False, 'test_result_base': None}
[0.729s] INFO:colcon.colcon_core.executor:Executing jobs using 'parallel' executor
[0.732s] DEBUG:colcon.colcon_parallel_executor.executor.parallel:run_until_complete
[0.732s] INFO:colcon.colcon_ros.task.ament_cmake.build:Building ROS package in '/home/jonurce/Jon/ROS2Projects/idea_0_ws/src/composition' with build type 'ament_cmake'
[0.732s] INFO:colcon.colcon_cmake.task.cmake.build:Building CMake package in '/home/jonurce/Jon/ROS2Projects/idea_0_ws/src/composition'
[0.736s] INFO:colcon.colcon_core.plugin_system:Skipping extension 'colcon_core.shell.bat': Not used on non-Windows systems
[0.737s] INFO:colcon.colcon_core.shell:Skip shell extension 'powershell' for command environment: Not usable outside of PowerShell
[0.737s] DEBUG:colcon.colcon_core.shell:Skip shell extension 'dsv' for command environment
[0.761s] DEBUG:colcon.colcon_core.event_handler.log_command:Invoking command in '/home/jonurce/Jon/ROS2Projects/idea_0_ws/build/composition': AMENT_PREFIX_PATH=/home/jonurce/Jon/ROS2Projects/idea_0_ws/install/event_camera_codecs:${AMENT_PREFIX_PATH} CMAKE_PREFIX_PATH=/home/jonurce/Jon/ROS2Projects/idea_0_ws/install/event_camera_codecs:/home/jonurce/Jon/ROS2Projects/test_ws/install/event_camera_renderer:/home/jonurce/Jon/ROS2Projects/test_ws/install/event_camera_codecs:/home/jonurce/Jon/ROS2Projects/test_ws/install/event_camera_msgs:/opt/ros/humble/opt/openeb_vendor:/opt/ros/humble LD_LIBRARY_PATH=/home/jonurce/Jon/ROS2Projects/idea_0_ws/install/event_camera_codecs/lib:${LD_LIBRARY_PATH} /usr/bin/cmake --build /home/jonurce/Jon/ROS2Projects/idea_0_ws/build/composition -- -j8 -l8
[30.416s] DEBUG:colcon.colcon_core.event_handler.log_command:Invoked command in '/home/jonurce/Jon/ROS2Projects/idea_0_ws/build/composition' returned '0': AMENT_PREFIX_PATH=/home/jonurce/Jon/ROS2Projects/idea_0_ws/install/event_camera_codecs:${AMENT_PREFIX_PATH} CMAKE_PREFIX_PATH=/home/jonurce/Jon/ROS2Projects/idea_0_ws/install/event_camera_codecs:/home/jonurce/Jon/ROS2Projects/test_ws/install/event_camera_renderer:/home/jonurce/Jon/ROS2Projects/test_ws/install/event_camera_codecs:/home/jonurce/Jon/ROS2Projects/test_ws/install/event_camera_msgs:/opt/ros/humble/opt/openeb_vendor:/opt/ros/humble LD_LIBRARY_PATH=/home/jonurce/Jon/ROS2Projects/idea_0_ws/install/event_camera_codecs/lib:${LD_LIBRARY_PATH} /usr/bin/cmake --build /home/jonurce/Jon/ROS2Projects/idea_0_ws/build/composition -- -j8 -l8
[30.441s] DEBUG:colcon.colcon_core.event_handler.log_command:Invoking command in '/home/jonurce/Jon/ROS2Projects/idea_0_ws/build/composition': AMENT_PREFIX_PATH=/home/jonurce/Jon/ROS2Projects/idea_0_ws/install/event_camera_codecs:${AMENT_PREFIX_PATH} CMAKE_PREFIX_PATH=/home/jonurce/Jon/ROS2Projects/idea_0_ws/install/event_camera_codecs:/home/jonurce/Jon/ROS2Projects/test_ws/install/event_camera_renderer:/home/jonurce/Jon/ROS2Projects/test_ws/install/event_camera_codecs:/home/jonurce/Jon/ROS2Projects/test_ws/install/event_camera_msgs:/opt/ros/humble/opt/openeb_vendor:/opt/ros/humble LD_LIBRARY_PATH=/home/jonurce/Jon/ROS2Projects/idea_0_ws/install/event_camera_codecs/lib:${LD_LIBRARY_PATH} /usr/bin/cmake --install /home/jonurce/Jon/ROS2Projects/idea_0_ws/build/composition
[30.487s] Level 1:colcon.colcon_core.environment:create_environment_scripts_only(composition)
[30.488s] DEBUG:colcon.colcon_core.event_handler.log_command:Invoked command in '/home/jonurce/Jon/ROS2Projects/idea_0_ws/build/composition' returned '0': AMENT_PREFIX_PATH=/home/jonurce/Jon/ROS2Projects/idea_0_ws/install/event_camera_codecs:${AMENT_PREFIX_PATH} CMAKE_PREFIX_PATH=/home/jonurce/Jon/ROS2Projects/idea_0_ws/install/event_camera_codecs:/home/jonurce/Jon/ROS2Projects/test_ws/install/event_camera_renderer:/home/jonurce/Jon/ROS2Projects/test_ws/install/event_camera_codecs:/home/jonurce/Jon/ROS2Projects/test_ws/install/event_camera_msgs:/opt/ros/humble/opt/openeb_vendor:/opt/ros/humble LD_LIBRARY_PATH=/home/jonurce/Jon/ROS2Projects/idea_0_ws/install/event_camera_codecs/lib:${LD_LIBRARY_PATH} /usr/bin/cmake --install /home/jonurce/Jon/ROS2Projects/idea_0_ws/build/composition
[30.500s] Level 1:colcon.colcon_core.environment:checking '/home/jonurce/Jon/ROS2Projects/idea_0_ws/install/composition' for CMake module files
[30.503s] Level 1:colcon.colcon_core.environment:checking '/home/jonurce/Jon/ROS2Projects/idea_0_ws/install/composition' for CMake config files
[30.505s] Level 1:colcon.colcon_core.shell:create_environment_hook('composition', 'cmake_prefix_path')
[30.506s] INFO:colcon.colcon_core.shell:Creating environment hook '/home/jonurce/Jon/ROS2Projects/idea_0_ws/install/composition/share/composition/hook/cmake_prefix_path.ps1'
[30.508s] INFO:colcon.colcon_core.shell:Creating environment descriptor '/home/jonurce/Jon/ROS2Projects/idea_0_ws/install/composition/share/composition/hook/cmake_prefix_path.dsv'
[30.509s] INFO:colcon.colcon_core.shell:Creating environment hook '/home/jonurce/Jon/ROS2Projects/idea_0_ws/install/composition/share/composition/hook/cmake_prefix_path.sh'
[30.513s] Level 1:colcon.colcon_core.environment:checking '/home/jonurce/Jon/ROS2Projects/idea_0_ws/install/composition/lib'
[30.514s] Level 1:colcon.colcon_core.shell:create_environment_hook('composition', 'ld_library_path_lib')
[30.515s] INFO:colcon.colcon_core.shell:Creating environment hook '/home/jonurce/Jon/ROS2Projects/idea_0_ws/install/composition/share/composition/hook/ld_library_path_lib.ps1'
[30.517s] INFO:colcon.colcon_core.shell:Creating environment descriptor '/home/jonurce/Jon/ROS2Projects/idea_0_ws/install/composition/share/composition/hook/ld_library_path_lib.dsv'
[30.518s] INFO:colcon.colcon_core.shell:Creating environment hook '/home/jonurce/Jon/ROS2Projects/idea_0_ws/install/composition/share/composition/hook/ld_library_path_lib.sh'
[30.520s] Level 1:colcon.colcon_core.environment:checking '/home/jonurce/Jon/ROS2Projects/idea_0_ws/install/composition/bin'
[30.521s] Level 1:colcon.colcon_core.environment:checking '/home/jonurce/Jon/ROS2Projects/idea_0_ws/install/composition/lib/pkgconfig/composition.pc'
[30.522s] Level 1:colcon.colcon_core.environment:checking '/home/jonurce/Jon/ROS2Projects/idea_0_ws/install/composition/lib/python3.10/site-packages'
[30.523s] Level 1:colcon.colcon_core.environment:checking '/home/jonurce/Jon/ROS2Projects/idea_0_ws/install/composition/bin'
[30.524s] INFO:colcon.colcon_core.shell:Creating package script '/home/jonurce/Jon/ROS2Projects/idea_0_ws/install/composition/share/composition/package.ps1'
[30.526s] INFO:colcon.colcon_core.shell:Creating package descriptor '/home/jonurce/Jon/ROS2Projects/idea_0_ws/install/composition/share/composition/package.dsv'
[30.527s] INFO:colcon.colcon_core.shell:Creating package script '/home/jonurce/Jon/ROS2Projects/idea_0_ws/install/composition/share/composition/package.sh'
[30.529s] INFO:colcon.colcon_core.shell:Creating package script '/home/jonurce/Jon/ROS2Projects/idea_0_ws/install/composition/share/composition/package.bash'
[30.530s] INFO:colcon.colcon_core.shell:Creating package script '/home/jonurce/Jon/ROS2Projects/idea_0_ws/install/composition/share/composition/package.zsh'
[30.532s] Level 1:colcon.colcon_core.environment:create_file_with_runtime_dependencies(/home/jonurce/Jon/ROS2Projects/idea_0_ws/install/composition/share/colcon-core/packages/composition)
[30.534s] Level 1:colcon.colcon_core.environment:create_environment_scripts_only(composition)
[30.535s] Level 1:colcon.colcon_core.environment:checking '/home/jonurce/Jon/ROS2Projects/idea_0_ws/install/composition' for CMake module files
[30.537s] Level 1:colcon.colcon_core.environment:checking '/home/jonurce/Jon/ROS2Projects/idea_0_ws/install/composition' for CMake config files
[30.538s] Level 1:colcon.colcon_core.shell:create_environment_hook('composition', 'cmake_prefix_path')
[30.539s] INFO:colcon.colcon_core.shell:Creating environment hook '/home/jonurce/Jon/ROS2Projects/idea_0_ws/install/composition/share/composition/hook/cmake_prefix_path.ps1'
[30.542s] INFO:colcon.colcon_core.shell:Creating environment descriptor '/home/jonurce/Jon/ROS2Projects/idea_0_ws/install/composition/share/composition/hook/cmake_prefix_path.dsv'
[30.544s] INFO:colcon.colcon_core.shell:Creating environment hook '/home/jonurce/Jon/ROS2Projects/idea_0_ws/install/composition/share/composition/hook/cmake_prefix_path.sh'
[30.546s] Level 1:colcon.colcon_core.environment:checking '/home/jonurce/Jon/ROS2Projects/idea_0_ws/install/composition/lib'
[30.547s] Level 1:colcon.colcon_core.shell:create_environment_hook('composition', 'ld_library_path_lib')
[30.547s] INFO:colcon.colcon_core.shell:Creating environment hook '/home/jonurce/Jon/ROS2Projects/idea_0_ws/install/composition/share/composition/hook/ld_library_path_lib.ps1'
[30.548s] INFO:colcon.colcon_core.shell:Creating environment descriptor '/home/jonurce/Jon/ROS2Projects/idea_0_ws/install/composition/share/composition/hook/ld_library_path_lib.dsv'
[30.549s] INFO:colcon.colcon_core.shell:Creating environment hook '/home/jonurce/Jon/ROS2Projects/idea_0_ws/install/composition/share/composition/hook/ld_library_path_lib.sh'
[30.550s] Level 1:colcon.colcon_core.environment:checking '/home/jonurce/Jon/ROS2Projects/idea_0_ws/install/composition/bin'
[30.551s] Level 1:colcon.colcon_core.environment:checking '/home/jonurce/Jon/ROS2Projects/idea_0_ws/install/composition/lib/pkgconfig/composition.pc'
[30.551s] Level 1:colcon.colcon_core.environment:checking '/home/jonurce/Jon/ROS2Projects/idea_0_ws/install/composition/lib/python3.10/site-packages'
[30.552s] Level 1:colcon.colcon_core.environment:checking '/home/jonurce/Jon/ROS2Projects/idea_0_ws/install/composition/bin'
[30.552s] INFO:colcon.colcon_core.shell:Creating package script '/home/jonurce/Jon/ROS2Projects/idea_0_ws/install/composition/share/composition/package.ps1'
[30.554s] INFO:colcon.colcon_core.shell:Creating package descriptor '/home/jonurce/Jon/ROS2Projects/idea_0_ws/install/composition/share/composition/package.dsv'
[30.555s] INFO:colcon.colcon_core.shell:Creating package script '/home/jonurce/Jon/ROS2Projects/idea_0_ws/install/composition/share/composition/package.sh'
[30.556s] INFO:colcon.colcon_core.shell:Creating package script '/home/jonurce/Jon/ROS2Projects/idea_0_ws/install/composition/share/composition/package.bash'
[30.557s] INFO:colcon.colcon_core.shell:Creating package script '/home/jonurce/Jon/ROS2Projects/idea_0_ws/install/composition/share/composition/package.zsh'
[30.558s] Level 1:colcon.colcon_core.environment:create_file_with_runtime_dependencies(/home/jonurce/Jon/ROS2Projects/idea_0_ws/install/composition/share/colcon-core/packages/composition)
[30.559s] DEBUG:colcon.colcon_parallel_executor.executor.parallel:closing loop
[30.560s] DEBUG:colcon.colcon_parallel_executor.executor.parallel:loop closed
[30.560s] DEBUG:colcon.colcon_parallel_executor.executor.parallel:run_until_complete finished with '0'
[30.560s] DEBUG:colcon.colcon_core.event_reactor:joining thread
[30.582s] INFO:colcon.colcon_core.plugin_system:Skipping extension 'colcon_notification.desktop_notification.terminal_notifier': Not used on non-Darwin systems
[30.582s] INFO:colcon.colcon_core.plugin_system:Skipping extension 'colcon_notification.desktop_notification.win32': Not used on non-Windows systems
[30.583s] INFO:colcon.colcon_notification.desktop_notification:Sending desktop notification using 'notify2'
[30.631s] DEBUG:colcon.colcon_core.event_reactor:joined thread
[30.633s] INFO:colcon.colcon_core.shell:Creating prefix script '/home/jonurce/Jon/ROS2Projects/idea_0_ws/install/local_setup.ps1'
[30.639s] INFO:colcon.colcon_core.shell:Creating prefix util module '/home/jonurce/Jon/ROS2Projects/idea_0_ws/install/_local_setup_util_ps1.py'
[30.643s] INFO:colcon.colcon_core.shell:Creating prefix chain script '/home/jonurce/Jon/ROS2Projects/idea_0_ws/install/setup.ps1'
[30.646s] INFO:colcon.colcon_core.shell:Creating prefix script '/home/jonurce/Jon/ROS2Projects/idea_0_ws/install/local_setup.sh'
[30.648s] INFO:colcon.colcon_core.shell:Creating prefix util module '/home/jonurce/Jon/ROS2Projects/idea_0_ws/install/_local_setup_util_sh.py'
[30.649s] INFO:colcon.colcon_core.shell:Creating prefix chain script '/home/jonurce/Jon/ROS2Projects/idea_0_ws/install/setup.sh'
[30.652s] INFO:colcon.colcon_core.shell:Creating prefix script '/home/jonurce/Jon/ROS2Projects/idea_0_ws/install/local_setup.bash'
[30.654s] INFO:colcon.colcon_core.shell:Creating prefix chain script '/home/jonurce/Jon/ROS2Projects/idea_0_ws/install/setup.bash'
[30.657s] INFO:colcon.colcon_core.shell:Creating prefix script '/home/jonurce/Jon/ROS2Projects/idea_0_ws/install/local_setup.zsh'
[30.659s] INFO:colcon.colcon_core.shell:Creating prefix chain script '/home/jonurce/Jon/ROS2Projects/idea_0_ws/install/setup.zsh'
