[0.019s] Invoking command in '/home/jonurce/Jon/ROS2Projects/idea_0_ws/build/composition': AMENT_PREFIX_PATH=/home/jonurce/Jon/ROS2Projects/idea_0_ws/install/event_camera_codecs:${AMENT_PREFIX_PATH} CMAKE_PREFIX_PATH=/home/jonurce/Jon/ROS2Projects/idea_0_ws/install/event_camera_codecs:/home/jonurce/Jon/ROS2Projects/test_ws/install/event_camera_renderer:/home/jonurce/Jon/ROS2Projects/test_ws/install/event_camera_codecs:/home/jonurce/Jon/ROS2Projects/test_ws/install/event_camera_msgs:/opt/ros/humble/opt/openeb_vendor:/opt/ros/humble LD_LIBRARY_PATH=/home/jonurce/Jon/ROS2Projects/idea_0_ws/install/event_camera_codecs/lib:${LD_LIBRARY_PATH} /usr/bin/cmake --build /home/jonurce/Jon/ROS2Projects/idea_0_ws/build/composition -- -j8 -l8
[0.100s] [35m[1mConsolidate compiler generated dependencies of target talker_component[0m
[0.100s] [35m[1mConsolidate compiler generated dependencies of target listener_component[0m
[0.137s] [ 33%] [32mBuilding CXX object CMakeFiles/listener_component.dir/src/listener_component.cpp.o[0m
[0.137s] [ 50%] Built target talker_component
[6.314s] In file included from [01m[K/home/jonurce/Jon/ROS2Projects/idea_0_ws/src/composition/src/listener_component.cpp:1[m[K:
[6.314s] [01m[K/home/jonurce/Jon/ROS2Projects/idea_0_ws/src/composition/include/composition/listener_component.hpp:[m[K In member function ‘[01m[Kvirtual void composition::Listener::MyProcessor::eventCD(uint64_t, uint16_t, uint16_t, uint8_t)[m[K’:
[6.314s] [01m[K/home/jonurce/Jon/ROS2Projects/idea_0_ws/src/composition/include/composition/listener_component.hpp:35:34:[m[K [01;35m[Kwarning: [m[Kunused parameter ‘[01m[Kt[m[K’ [[01;35m[K]8;;https://gcc.gnu.org/onlinedocs/gcc/Warning-Options.html#index-Wunused-parameter-Wunused-parameter]8;;[m[K]
[6.314s]    35 |     inline void eventCD([01;35m[Kuint64_t t[m[K, uint16_t ex, uint16_t ey, uint8_t polarity) override {
[6.314s]       |                         [01;35m[K~~~~~~~~~^[m[K
[20.153s] [ 66%] [32m[1mLinking CXX shared library liblistener_component.so[0m
[21.157s] [ 66%] Built target listener_component
[21.205s] [ 83%] [32mBuilding CXX object CMakeFiles/manual_composition.dir/src/manual_composition.cpp.o[0m
[27.554s] In file included from [01m[K/home/jonurce/Jon/ROS2Projects/idea_0_ws/src/composition/src/manual_composition.cpp:2[m[K:
[27.555s] [01m[K/home/jonurce/Jon/ROS2Projects/idea_0_ws/src/composition/include/composition/listener_component.hpp:[m[K In member function ‘[01m[Kvirtual void composition::Listener::MyProcessor::eventCD(uint64_t, uint16_t, uint16_t, uint8_t)[m[K’:
[27.555s] [01m[K/home/jonurce/Jon/ROS2Projects/idea_0_ws/src/composition/include/composition/listener_component.hpp:35:34:[m[K [01;35m[Kwarning: [m[Kunused parameter ‘[01m[Kt[m[K’ [[01;35m[K]8;;https://gcc.gnu.org/onlinedocs/gcc/Warning-Options.html#index-Wunused-parameter-Wunused-parameter]8;;[m[K]
[27.555s]    35 |     inline void eventCD([01;35m[Kuint64_t t[m[K, uint16_t ex, uint16_t ey, uint8_t polarity) override {
[27.556s]       |                         [01;35m[K~~~~~~~~~^[m[K
[28.929s] [100%] [32m[1mLinking CXX executable manual_composition[0m
[29.523s] [100%] Built target manual_composition
[29.551s] Invoked command in '/home/jonurce/Jon/ROS2Projects/idea_0_ws/build/composition' returned '0': AMENT_PREFIX_PATH=/home/jonurce/Jon/ROS2Projects/idea_0_ws/install/event_camera_codecs:${AMENT_PREFIX_PATH} CMAKE_PREFIX_PATH=/home/jonurce/Jon/ROS2Projects/idea_0_ws/install/event_camera_codecs:/home/jonurce/Jon/ROS2Projects/test_ws/install/event_camera_renderer:/home/jonurce/Jon/ROS2Projects/test_ws/install/event_camera_codecs:/home/jonurce/Jon/ROS2Projects/test_ws/install/event_camera_msgs:/opt/ros/humble/opt/openeb_vendor:/opt/ros/humble LD_LIBRARY_PATH=/home/jonurce/Jon/ROS2Projects/idea_0_ws/install/event_camera_codecs/lib:${LD_LIBRARY_PATH} /usr/bin/cmake --build /home/jonurce/Jon/ROS2Projects/idea_0_ws/build/composition -- -j8 -l8
[29.555s] Invoking command in '/home/jonurce/Jon/ROS2Projects/idea_0_ws/build/composition': AMENT_PREFIX_PATH=/home/jonurce/Jon/ROS2Projects/idea_0_ws/install/event_camera_codecs:${AMENT_PREFIX_PATH} CMAKE_PREFIX_PATH=/home/jonurce/Jon/ROS2Projects/idea_0_ws/install/event_camera_codecs:/home/jonurce/Jon/ROS2Projects/test_ws/install/event_camera_renderer:/home/jonurce/Jon/ROS2Projects/test_ws/install/event_camera_codecs:/home/jonurce/Jon/ROS2Projects/test_ws/install/event_camera_msgs:/opt/ros/humble/opt/openeb_vendor:/opt/ros/humble LD_LIBRARY_PATH=/home/jonurce/Jon/ROS2Projects/idea_0_ws/install/event_camera_codecs/lib:${LD_LIBRARY_PATH} /usr/bin/cmake --install /home/jonurce/Jon/ROS2Projects/idea_0_ws/build/composition
[29.574s] -- Install configuration: ""
[29.574s] -- Installing: /home/jonurce/Jon/ROS2Projects/idea_0_ws/install/composition/share/composition/environment/library_path.sh
[29.574s] -- Installing: /home/jonurce/Jon/ROS2Projects/idea_0_ws/install/composition/share/composition/environment/library_path.dsv
[29.575s] -- Installing: /home/jonurce/Jon/ROS2Projects/idea_0_ws/install/composition/lib/libtalker_component.so
[29.580s] -- Set runtime path of "/home/jonurce/Jon/ROS2Projects/idea_0_ws/install/composition/lib/libtalker_component.so" to ""
[29.580s] -- Installing: /home/jonurce/Jon/ROS2Projects/idea_0_ws/install/composition/lib/liblistener_component.so
[29.598s] -- Set runtime path of "/home/jonurce/Jon/ROS2Projects/idea_0_ws/install/composition/lib/liblistener_component.so" to ""
[29.598s] -- Installing: /home/jonurce/Jon/ROS2Projects/idea_0_ws/install/composition/lib/composition/manual_composition
[29.599s] -- Set runtime path of "/home/jonurce/Jon/ROS2Projects/idea_0_ws/install/composition/lib/composition/manual_composition" to ""
[29.599s] -- Installing: /home/jonurce/Jon/ROS2Projects/idea_0_ws/install/composition/share/composition/launch
[29.599s] -- Installing: /home/jonurce/Jon/ROS2Projects/idea_0_ws/install/composition/share/composition/launch/composition_demo.launch.py
[29.600s] -- Installing: /home/jonurce/Jon/ROS2Projects/idea_0_ws/install/composition/share/ament_index/resource_index/package_run_dependencies/composition
[29.600s] -- Installing: /home/jonurce/Jon/ROS2Projects/idea_0_ws/install/composition/share/ament_index/resource_index/parent_prefix_path/composition
[29.600s] -- Installing: /home/jonurce/Jon/ROS2Projects/idea_0_ws/install/composition/share/composition/environment/ament_prefix_path.sh
[29.601s] -- Installing: /home/jonurce/Jon/ROS2Projects/idea_0_ws/install/composition/share/composition/environment/ament_prefix_path.dsv
[29.601s] -- Installing: /home/jonurce/Jon/ROS2Projects/idea_0_ws/install/composition/share/composition/environment/path.sh
[29.601s] -- Installing: /home/jonurce/Jon/ROS2Projects/idea_0_ws/install/composition/share/composition/environment/path.dsv
[29.602s] -- Installing: /home/jonurce/Jon/ROS2Projects/idea_0_ws/install/composition/share/composition/local_setup.bash
[29.602s] -- Installing: /home/jonurce/Jon/ROS2Projects/idea_0_ws/install/composition/share/composition/local_setup.sh
[29.602s] -- Installing: /home/jonurce/Jon/ROS2Projects/idea_0_ws/install/composition/share/composition/local_setup.zsh
[29.602s] -- Installing: /home/jonurce/Jon/ROS2Projects/idea_0_ws/install/composition/share/composition/local_setup.dsv
[29.602s] -- Installing: /home/jonurce/Jon/ROS2Projects/idea_0_ws/install/composition/share/composition/package.dsv
[29.602s] -- Installing: /home/jonurce/Jon/ROS2Projects/idea_0_ws/install/composition/share/ament_index/resource_index/packages/composition
[29.603s] -- Installing: /home/jonurce/Jon/ROS2Projects/idea_0_ws/install/composition/share/ament_index/resource_index/rclcpp_components/composition
[29.603s] -- Installing: /home/jonurce/Jon/ROS2Projects/idea_0_ws/install/composition/share/composition/cmake/compositionConfig.cmake
[29.603s] -- Installing: /home/jonurce/Jon/ROS2Projects/idea_0_ws/install/composition/share/composition/cmake/compositionConfig-version.cmake
[29.603s] -- Installing: /home/jonurce/Jon/ROS2Projects/idea_0_ws/install/composition/share/composition/package.xml
[29.609s] Invoked command in '/home/jonurce/Jon/ROS2Projects/idea_0_ws/build/composition' returned '0': AMENT_PREFIX_PATH=/home/jonurce/Jon/ROS2Projects/idea_0_ws/install/event_camera_codecs:${AMENT_PREFIX_PATH} CMAKE_PREFIX_PATH=/home/jonurce/Jon/ROS2Projects/idea_0_ws/install/event_camera_codecs:/home/jonurce/Jon/ROS2Projects/test_ws/install/event_camera_renderer:/home/jonurce/Jon/ROS2Projects/test_ws/install/event_camera_codecs:/home/jonurce/Jon/ROS2Projects/test_ws/install/event_camera_msgs:/opt/ros/humble/opt/openeb_vendor:/opt/ros/humble LD_LIBRARY_PATH=/home/jonurce/Jon/ROS2Projects/idea_0_ws/install/event_camera_codecs/lib:${LD_LIBRARY_PATH} /usr/bin/cmake --install /home/jonurce/Jon/ROS2Projects/idea_0_ws/build/composition
