[0.022s] Invoking command in '/home/jonurce/Jon/ROS2Projects/idea_0_ws/build/composition': AMENT_PREFIX_PATH=/home/jonurce/Jon/ROS2Projects/idea_0_ws/install/event_camera_codecs:${AMENT_PREFIX_PATH} CMAKE_PREFIX_PATH=/home/jonurce/Jon/ROS2Projects/idea_0_ws/install/event_camera_codecs:/home/jonurce/Jon/ROS2Projects/test_ws/install/event_camera_renderer:/home/jonurce/Jon/ROS2Projects/test_ws/install/event_camera_codecs:/home/jonurce/Jon/ROS2Projects/test_ws/install/event_camera_msgs:/opt/ros/humble/opt/openeb_vendor:/opt/ros/humble LD_LIBRARY_PATH=/home/jonurce/Jon/ROS2Projects/idea_0_ws/install/event_camera_codecs/lib:${LD_LIBRARY_PATH} /usr/bin/cmake --build /home/jonurce/Jon/ROS2Projects/idea_0_ws/build/composition -- -j8 -l8
[0.119s] [35m[1mConsolidate compiler generated dependencies of target listener_component[0m
[0.146s] [ 33%] Built target talker_component
[0.158s] [ 50%] [32mBuilding CXX object CMakeFiles/listener_component.dir/src/listener_component.cpp.o[0m
[20.169s] [ 66%] [32m[1mLinking CXX shared library liblistener_component.so[0m
[21.222s] [ 66%] Built target listener_component
[21.284s] [ 83%] [32mBuilding CXX object CMakeFiles/manual_composition.dir/src/manual_composition.cpp.o[0m
[28.513s] [100%] [32m[1mLinking CXX executable manual_composition[0m
[29.046s] [100%] Built target manual_composition
[29.075s] Invoked command in '/home/jonurce/Jon/ROS2Projects/idea_0_ws/build/composition' returned '0': AMENT_PREFIX_PATH=/home/jonurce/Jon/ROS2Projects/idea_0_ws/install/event_camera_codecs:${AMENT_PREFIX_PATH} CMAKE_PREFIX_PATH=/home/jonurce/Jon/ROS2Projects/idea_0_ws/install/event_camera_codecs:/home/jonurce/Jon/ROS2Projects/test_ws/install/event_camera_renderer:/home/jonurce/Jon/ROS2Projects/test_ws/install/event_camera_codecs:/home/jonurce/Jon/ROS2Projects/test_ws/install/event_camera_msgs:/opt/ros/humble/opt/openeb_vendor:/opt/ros/humble LD_LIBRARY_PATH=/home/jonurce/Jon/ROS2Projects/idea_0_ws/install/event_camera_codecs/lib:${LD_LIBRARY_PATH} /usr/bin/cmake --build /home/jonurce/Jon/ROS2Projects/idea_0_ws/build/composition -- -j8 -l8
[29.099s] Invoking command in '/home/jonurce/Jon/ROS2Projects/idea_0_ws/build/composition': AMENT_PREFIX_PATH=/home/jonurce/Jon/ROS2Projects/idea_0_ws/install/event_camera_codecs:${AMENT_PREFIX_PATH} CMAKE_PREFIX_PATH=/home/jonurce/Jon/ROS2Projects/idea_0_ws/install/event_camera_codecs:/home/jonurce/Jon/ROS2Projects/test_ws/install/event_camera_renderer:/home/jonurce/Jon/ROS2Projects/test_ws/install/event_camera_codecs:/home/jonurce/Jon/ROS2Projects/test_ws/install/event_camera_msgs:/opt/ros/humble/opt/openeb_vendor:/opt/ros/humble LD_LIBRARY_PATH=/home/jonurce/Jon/ROS2Projects/idea_0_ws/install/event_camera_codecs/lib:${LD_LIBRARY_PATH} /usr/bin/cmake --install /home/jonurce/Jon/ROS2Projects/idea_0_ws/build/composition
[29.116s] -- Install configuration: ""
[29.117s] -- Up-to-date: /home/jonurce/Jon/ROS2Projects/idea_0_ws/install/composition/share/composition/environment/library_path.sh
[29.117s] -- Up-to-date: /home/jonurce/Jon/ROS2Projects/idea_0_ws/install/composition/share/composition/environment/library_path.dsv
[29.117s] -- Up-to-date: /home/jonurce/Jon/ROS2Projects/idea_0_ws/install/composition/lib/libtalker_component.so
[29.118s] -- Installing: /home/jonurce/Jon/ROS2Projects/idea_0_ws/install/composition/lib/liblistener_component.so
[29.138s] -- Set runtime path of "/home/jonurce/Jon/ROS2Projects/idea_0_ws/install/composition/lib/liblistener_component.so" to ""
[29.138s] -- Installing: /home/jonurce/Jon/ROS2Projects/idea_0_ws/install/composition/lib/composition/manual_composition
[29.139s] -- Set runtime path of "/home/jonurce/Jon/ROS2Projects/idea_0_ws/install/composition/lib/composition/manual_composition" to ""
[29.140s] -- Up-to-date: /home/jonurce/Jon/ROS2Projects/idea_0_ws/install/composition/share/composition/launch
[29.140s] -- Up-to-date: /home/jonurce/Jon/ROS2Projects/idea_0_ws/install/composition/share/composition/launch/composition_demo.launch.py
[29.141s] -- Up-to-date: /home/jonurce/Jon/ROS2Projects/idea_0_ws/install/composition/share/ament_index/resource_index/package_run_dependencies/composition
[29.141s] -- Up-to-date: /home/jonurce/Jon/ROS2Projects/idea_0_ws/install/composition/share/ament_index/resource_index/parent_prefix_path/composition
[29.141s] -- Up-to-date: /home/jonurce/Jon/ROS2Projects/idea_0_ws/install/composition/share/composition/environment/ament_prefix_path.sh
[29.141s] -- Up-to-date: /home/jonurce/Jon/ROS2Projects/idea_0_ws/install/composition/share/composition/environment/ament_prefix_path.dsv
[29.142s] -- Up-to-date: /home/jonurce/Jon/ROS2Projects/idea_0_ws/install/composition/share/composition/environment/path.sh
[29.142s] -- Up-to-date: /home/jonurce/Jon/ROS2Projects/idea_0_ws/install/composition/share/composition/environment/path.dsv
[29.142s] -- Up-to-date: /home/jonurce/Jon/ROS2Projects/idea_0_ws/install/composition/share/composition/local_setup.bash
[29.142s] -- Up-to-date: /home/jonurce/Jon/ROS2Projects/idea_0_ws/install/composition/share/composition/local_setup.sh
[29.143s] -- Up-to-date: /home/jonurce/Jon/ROS2Projects/idea_0_ws/install/composition/share/composition/local_setup.zsh
[29.143s] -- Up-to-date: /home/jonurce/Jon/ROS2Projects/idea_0_ws/install/composition/share/composition/local_setup.dsv
[29.143s] -- Installing: /home/jonurce/Jon/ROS2Projects/idea_0_ws/install/composition/share/composition/package.dsv
[29.144s] -- Up-to-date: /home/jonurce/Jon/ROS2Projects/idea_0_ws/install/composition/share/ament_index/resource_index/packages/composition
[29.145s] -- Up-to-date: /home/jonurce/Jon/ROS2Projects/idea_0_ws/install/composition/share/ament_index/resource_index/rclcpp_components/composition
[29.146s] -- Up-to-date: /home/jonurce/Jon/ROS2Projects/idea_0_ws/install/composition/share/composition/cmake/compositionConfig.cmake
[29.146s] -- Up-to-date: /home/jonurce/Jon/ROS2Projects/idea_0_ws/install/composition/share/composition/cmake/compositionConfig-version.cmake
[29.146s] -- Up-to-date: /home/jonurce/Jon/ROS2Projects/idea_0_ws/install/composition/share/composition/package.xml
[29.148s] Invoked command in '/home/jonurce/Jon/ROS2Projects/idea_0_ws/build/composition' returned '0': AMENT_PREFIX_PATH=/home/jonurce/Jon/ROS2Projects/idea_0_ws/install/event_camera_codecs:${AMENT_PREFIX_PATH} CMAKE_PREFIX_PATH=/home/jonurce/Jon/ROS2Projects/idea_0_ws/install/event_camera_codecs:/home/jonurce/Jon/ROS2Projects/test_ws/install/event_camera_renderer:/home/jonurce/Jon/ROS2Projects/test_ws/install/event_camera_codecs:/home/jonurce/Jon/ROS2Projects/test_ws/install/event_camera_msgs:/opt/ros/humble/opt/openeb_vendor:/opt/ros/humble LD_LIBRARY_PATH=/home/jonurce/Jon/ROS2Projects/idea_0_ws/install/event_camera_codecs/lib:${LD_LIBRARY_PATH} /usr/bin/cmake --install /home/jonurce/Jon/ROS2Projects/idea_0_ws/build/composition
