[1.217s] Invoking command in '/home/jonurce/Jon/ROS2Projects/idea_0_ws/src/event_reader': PYTHONPATH=/home/jonurce/Jon/ROS2Projects/idea_0_ws/build/event_reader/prefix_override:/usr/lib/python3/dist-packages/colcon_core/task/python/colcon_distutils_commands:/home/jonurce/Jon/ROS2Projects/idea_0_ws/install/event_reader/lib/python3.10/site-packages:${PYTHONPATH} /usr/bin/python3 -W ignore:setup.py install is deprecated -W ignore:easy_install command is deprecated setup.py egg_info --egg-base ../../build/event_reader build --build-base /home/jonurce/Jon/ROS2Projects/idea_0_ws/build/event_reader/build install --record /home/jonurce/Jon/ROS2Projects/idea_0_ws/build/event_reader/install.log --single-version-externally-managed install_data
[1.659s] running egg_info
[1.660s] creating ../../build/event_reader/event_reader.egg-info
[1.660s] writing ../../build/event_reader/event_reader.egg-info/PKG-INFO
[1.661s] writing dependency_links to ../../build/event_reader/event_reader.egg-info/dependency_links.txt
[1.661s] writing entry points to ../../build/event_reader/event_reader.egg-info/entry_points.txt
[1.661s] writing requirements to ../../build/event_reader/event_reader.egg-info/requires.txt
[1.661s] writing top-level names to ../../build/event_reader/event_reader.egg-info/top_level.txt
[1.662s] writing manifest file '../../build/event_reader/event_reader.egg-info/SOURCES.txt'
[1.665s] reading manifest file '../../build/event_reader/event_reader.egg-info/SOURCES.txt'
[1.665s] adding license file 'LICENSE'
[1.666s] writing manifest file '../../build/event_reader/event_reader.egg-info/SOURCES.txt'
[1.666s] running build
[1.667s] running build_py
[1.667s] creating /home/jonurce/Jon/ROS2Projects/idea_0_ws/build/event_reader/build
[1.667s] creating /home/jonurce/Jon/ROS2Projects/idea_0_ws/build/event_reader/build/lib
[1.667s] creating /home/jonurce/Jon/ROS2Projects/idea_0_ws/build/event_reader/build/lib/event_reader
[1.667s] copying event_reader/event_read.py -> /home/jonurce/Jon/ROS2Projects/idea_0_ws/build/event_reader/build/lib/event_reader
[1.667s] copying event_reader/__init__.py -> /home/jonurce/Jon/ROS2Projects/idea_0_ws/build/event_reader/build/lib/event_reader
[1.668s] running install
[1.668s] running install_lib
[1.670s] creating /home/jonurce/Jon/ROS2Projects/idea_0_ws/install/event_reader/lib/python3.10/site-packages/event_reader
[1.670s] copying /home/jonurce/Jon/ROS2Projects/idea_0_ws/build/event_reader/build/lib/event_reader/event_read.py -> /home/jonurce/Jon/ROS2Projects/idea_0_ws/install/event_reader/lib/python3.10/site-packages/event_reader
[1.670s] copying /home/jonurce/Jon/ROS2Projects/idea_0_ws/build/event_reader/build/lib/event_reader/__init__.py -> /home/jonurce/Jon/ROS2Projects/idea_0_ws/install/event_reader/lib/python3.10/site-packages/event_reader
[1.671s] byte-compiling /home/jonurce/Jon/ROS2Projects/idea_0_ws/install/event_reader/lib/python3.10/site-packages/event_reader/event_read.py to event_read.cpython-310.pyc
[1.674s] byte-compiling /home/jonurce/Jon/ROS2Projects/idea_0_ws/install/event_reader/lib/python3.10/site-packages/event_reader/__init__.py to __init__.cpython-310.pyc
[1.674s] running install_data
[1.675s] creating /home/jonurce/Jon/ROS2Projects/idea_0_ws/install/event_reader/share/ament_index
[1.675s] creating /home/jonurce/Jon/ROS2Projects/idea_0_ws/install/event_reader/share/ament_index/resource_index
[1.675s] creating /home/jonurce/Jon/ROS2Projects/idea_0_ws/install/event_reader/share/ament_index/resource_index/packages
[1.675s] copying resource/event_reader -> /home/jonurce/Jon/ROS2Projects/idea_0_ws/install/event_reader/share/ament_index/resource_index/packages
[1.675s] copying package.xml -> /home/jonurce/Jon/ROS2Projects/idea_0_ws/install/event_reader/share/event_reader
[1.675s] running install_egg_info
[1.680s] Copying ../../build/event_reader/event_reader.egg-info to /home/jonurce/Jon/ROS2Projects/idea_0_ws/install/event_reader/lib/python3.10/site-packages/event_reader-0.0.0-py3.10.egg-info
[1.682s] running install_scripts
[1.723s] Installing print_events script to /home/jonurce/Jon/ROS2Projects/idea_0_ws/install/event_reader/lib/event_reader
[1.725s] writing list of installed files to '/home/jonurce/Jon/ROS2Projects/idea_0_ws/build/event_reader/install.log'
[1.796s] Invoked command in '/home/jonurce/Jon/ROS2Projects/idea_0_ws/src/event_reader' returned '0': PYTHONPATH=/home/jonurce/Jon/ROS2Projects/idea_0_ws/build/event_reader/prefix_override:/usr/lib/python3/dist-packages/colcon_core/task/python/colcon_distutils_commands:/home/jonurce/Jon/ROS2Projects/idea_0_ws/install/event_reader/lib/python3.10/site-packages:${PYTHONPATH} /usr/bin/python3 -W ignore:setup.py install is deprecated -W ignore:easy_install command is deprecated setup.py egg_info --egg-base ../../build/event_reader build --build-base /home/jonurce/Jon/ROS2Projects/idea_0_ws/build/event_reader/build install --record /home/jonurce/Jon/ROS2Projects/idea_0_ws/build/event_reader/install.log --single-version-externally-managed install_data
