[35m[1mConsolidate compiler generated dependencies of target codec[0m
[ 50%] Built target codec
[35m[1mConsolidate compiler generated dependencies of target codec_perf[0m
[100%] Built target codec_perf
-- Install configuration: ""
-- Up-to-date: /home/jonurce/Jon/ROS2Projects/idea_0_ws/install/event_camera_codecs/share/event_camera_codecs/environment/library_path.sh
-- Up-to-date: /home/jonurce/Jon/ROS2Projects/idea_0_ws/install/event_camera_codecs/share/event_camera_codecs/environment/library_path.dsv
-- Up-to-date: /home/jonurce/Jon/ROS2Projects/idea_0_ws/install/event_camera_codecs/include
-- Up-to-date: /home/jonurce/Jon/ROS2Projects/idea_0_ws/install/event_camera_codecs/include/event_camera_codecs
-- Up-to-date: /home/jonurce/Jon/ROS2Projects/idea_0_ws/install/event_camera_codecs/include/event_camera_codecs/libcaer_cmp_decoder.h
-- Up-to-date: /home/jonurce/Jon/ROS2Projects/idea_0_ws/install/event_camera_codecs/include/event_camera_codecs/evt3_decoder.h
-- Up-to-date: /home/jonurce/Jon/ROS2Projects/idea_0_ws/install/event_camera_codecs/include/event_camera_codecs/mono_encoder.h
-- Up-to-date: /home/jonurce/Jon/ROS2Projects/idea_0_ws/install/event_camera_codecs/include/event_camera_codecs/decoder.h
-- Up-to-date: /home/jonurce/Jon/ROS2Projects/idea_0_ws/install/event_camera_codecs/include/event_camera_codecs/evt3_encoder.h
-- Up-to-date: /home/jonurce/Jon/ROS2Projects/idea_0_ws/install/event_camera_codecs/include/event_camera_codecs/mono_decoder.h
-- Up-to-date: /home/jonurce/Jon/ROS2Projects/idea_0_ws/install/event_camera_codecs/include/event_camera_codecs/evt3_types.h
-- Up-to-date: /home/jonurce/Jon/ROS2Projects/idea_0_ws/install/event_camera_codecs/include/event_camera_codecs/trigger_decoder.h
-- Up-to-date: /home/jonurce/Jon/ROS2Projects/idea_0_ws/install/event_camera_codecs/include/event_camera_codecs/event_processor.h
-- Up-to-date: /home/jonurce/Jon/ROS2Projects/idea_0_ws/install/event_camera_codecs/include/event_camera_codecs/decoder_factory.h
-- Up-to-date: /home/jonurce/Jon/ROS2Projects/idea_0_ws/install/event_camera_codecs/include/event_camera_codecs/encoder.h
-- Up-to-date: /home/jonurce/Jon/ROS2Projects/idea_0_ws/install/event_camera_codecs/include/event_camera_codecs/event_packet.h
-- Up-to-date: /home/jonurce/Jon/ROS2Projects/idea_0_ws/install/event_camera_codecs/include/event_camera_codecs/libcaer_decoder.h
-- Up-to-date: /home/jonurce/Jon/ROS2Projects/idea_0_ws/install/event_camera_codecs/include/event_camera_codecs/ros1_ros2_compat.h
-- Up-to-date: /home/jonurce/Jon/ROS2Projects/idea_0_ws/install/event_camera_codecs/include/event_camera_codecs/libcaer_cmp_types.h
-- Up-to-date: /home/jonurce/Jon/ROS2Projects/idea_0_ws/install/event_camera_codecs/include/event_camera_codecs/noop_event_processor.h
-- Up-to-date: /home/jonurce/Jon/ROS2Projects/idea_0_ws/install/event_camera_codecs/lib/libcodec.so
-- Up-to-date: /home/jonurce/Jon/ROS2Projects/idea_0_ws/install/event_camera_codecs/lib/event_camera_codecs/codec_perf
-- Up-to-date: /home/jonurce/Jon/ROS2Projects/idea_0_ws/install/event_camera_codecs/share/ament_index/resource_index/package_run_dependencies/event_camera_codecs
-- Up-to-date: /home/jonurce/Jon/ROS2Projects/idea_0_ws/install/event_camera_codecs/share/ament_index/resource_index/parent_prefix_path/event_camera_codecs
-- Up-to-date: /home/jonurce/Jon/ROS2Projects/idea_0_ws/install/event_camera_codecs/share/event_camera_codecs/environment/ament_prefix_path.sh
-- Up-to-date: /home/jonurce/Jon/ROS2Projects/idea_0_ws/install/event_camera_codecs/share/event_camera_codecs/environment/ament_prefix_path.dsv
-- Up-to-date: /home/jonurce/Jon/ROS2Projects/idea_0_ws/install/event_camera_codecs/share/event_camera_codecs/environment/path.sh
-- Up-to-date: /home/jonurce/Jon/ROS2Projects/idea_0_ws/install/event_camera_codecs/share/event_camera_codecs/environment/path.dsv
-- Up-to-date: /home/jonurce/Jon/ROS2Projects/idea_0_ws/install/event_camera_codecs/share/event_camera_codecs/local_setup.bash
-- Up-to-date: /home/jonurce/Jon/ROS2Projects/idea_0_ws/install/event_camera_codecs/share/event_camera_codecs/local_setup.sh
-- Up-to-date: /home/jonurce/Jon/ROS2Projects/idea_0_ws/install/event_camera_codecs/share/event_camera_codecs/local_setup.zsh
-- Up-to-date: /home/jonurce/Jon/ROS2Projects/idea_0_ws/install/event_camera_codecs/share/event_camera_codecs/local_setup.dsv
-- Installing: /home/jonurce/Jon/ROS2Projects/idea_0_ws/install/event_camera_codecs/share/event_camera_codecs/package.dsv
-- Up-to-date: /home/jonurce/Jon/ROS2Projects/idea_0_ws/install/event_camera_codecs/share/ament_index/resource_index/packages/event_camera_codecs
-- Up-to-date: /home/jonurce/Jon/ROS2Projects/idea_0_ws/install/event_camera_codecs/share/event_camera_codecs/cmake/codecTargetsExport.cmake
-- Up-to-date: /home/jonurce/Jon/ROS2Projects/idea_0_ws/install/event_camera_codecs/share/event_camera_codecs/cmake/codecTargetsExport-noconfig.cmake
-- Up-to-date: /home/jonurce/Jon/ROS2Projects/idea_0_ws/install/event_camera_codecs/share/event_camera_codecs/cmake/ament_cmake_export_targets-extras.cmake
-- Up-to-date: /home/jonurce/Jon/ROS2Projects/idea_0_ws/install/event_camera_codecs/share/event_camera_codecs/cmake/ament_cmake_export_dependencies-extras.cmake
-- Up-to-date: /home/jonurce/Jon/ROS2Projects/idea_0_ws/install/event_camera_codecs/share/event_camera_codecs/cmake/ament_cmake_export_include_directories-extras.cmake
-- Up-to-date: /home/jonurce/Jon/ROS2Projects/idea_0_ws/install/event_camera_codecs/share/event_camera_codecs/cmake/ament_cmake_export_libraries-extras.cmake
-- Up-to-date: /home/jonurce/Jon/ROS2Projects/idea_0_ws/install/event_camera_codecs/share/event_camera_codecs/cmake/event_camera_codecsConfig.cmake
-- Up-to-date: /home/jonurce/Jon/ROS2Projects/idea_0_ws/install/event_camera_codecs/share/event_camera_codecs/cmake/event_camera_codecsConfig-version.cmake
-- Up-to-date: /home/jonurce/Jon/ROS2Projects/idea_0_ws/install/event_camera_codecs/share/event_camera_codecs/package.xml
