-- The C compiler identification is GNU 11.4.0
-- The CXX compiler identification is GNU 11.4.0
-- Detecting C compiler ABI info
-- Detecting C compiler ABI info - done
-- Check for working C compiler: /usr/bin/cc - skipped
-- Detecting C compile features
-- Detecting C compile features - done
-- Detecting CXX compiler ABI info
-- Detecting CXX compiler ABI info - done
-- Check for working CXX compiler: /usr/bin/c++ - skipped
-- Detecting CXX compile features
-- Detecting CXX compile features - done
-- Found ament_cmake: 1.3.11 (/opt/ros/humble/share/ament_cmake/cmake)
-- Found Python3: /usr/bin/python3 (found version "3.10.12") found components: Interpreter 
-- Found ament_cmake_ros: 0.10.0 (/opt/ros/humble/share/ament_cmake_ros/cmake)
-- Found ament_cmake_auto: 1.3.11 (/opt/ros/humble/share/ament_cmake_auto/cmake)
-- Found event_camera_msgs: 1.1.2 (/home/jonurce/Jon/ROS2Projects/test_ws/install/event_camera_msgs/share/event_camera_msgs/cmake)
-- Found rosidl_generator_c: 3.1.6 (/opt/ros/humble/share/rosidl_generator_c/cmake)
-- Found rosidl_adapter: 3.1.6 (/opt/ros/humble/share/rosidl_adapter/cmake)
-- Found rosidl_generator_cpp: 3.1.6 (/opt/ros/humble/share/rosidl_generator_cpp/cmake)
-- Using all available rosidl_typesupport_c: rosidl_typesupport_fastrtps_c;rosidl_typesupport_introspection_c
-- Using all available rosidl_typesupport_cpp: rosidl_typesupport_fastrtps_cpp;rosidl_typesupport_introspection_cpp
-- Found ament_cmake_copyright: 0.12.12 (/opt/ros/humble/share/ament_cmake_copyright/cmake)
-- Found ament_cmake_cppcheck: 0.12.12 (/opt/ros/humble/share/ament_cmake_cppcheck/cmake)
-- Found ament_cmake_cpplint: 0.12.12 (/opt/ros/humble/share/ament_cmake_cpplint/cmake)
-- Found ament_cmake_clang_format: 0.12.12 (/opt/ros/humble/share/ament_cmake_clang_format/cmake)
-- Found ament_cmake_flake8: 0.12.12 (/opt/ros/humble/share/ament_cmake_flake8/cmake)
-- Found ament_cmake_lint_cmake: 0.12.12 (/opt/ros/humble/share/ament_cmake_lint_cmake/cmake)
-- Found ament_cmake_pep257: 0.12.12 (/opt/ros/humble/share/ament_cmake_pep257/cmake)
-- Found ament_cmake_xmllint: 0.12.12 (/opt/ros/humble/share/ament_cmake_xmllint/cmake)
-- Configuring done
-- Generating done
-- Build files have been written to: /home/jonurce/Jon/ROS2Projects/idea_0_ws/build/event_camera_codecs
[ 25%] [32mBuilding CXX object CMakeFiles/codec.dir/src/encoder.cpp.o[0m
[ 50%] [32m[1mLinking CXX shared library libcodec.so[0m
[ 50%] Built target codec
[ 75%] [32mBuilding CXX object CMakeFiles/codec_perf.dir/src/perf.cpp.o[0m
[100%] [32m[1mLinking CXX executable codec_perf[0m
[100%] Built target codec_perf
-- Install configuration: ""
-- Installing: /home/jonurce/Jon/ROS2Projects/idea_0_ws/install/event_camera_codecs/share/event_camera_codecs/environment/library_path.sh
-- Installing: /home/jonurce/Jon/ROS2Projects/idea_0_ws/install/event_camera_codecs/share/event_camera_codecs/environment/library_path.dsv
-- Installing: /home/jonurce/Jon/ROS2Projects/idea_0_ws/install/event_camera_codecs/include
-- Installing: /home/jonurce/Jon/ROS2Projects/idea_0_ws/install/event_camera_codecs/include/event_camera_codecs
-- Installing: /home/jonurce/Jon/ROS2Projects/idea_0_ws/install/event_camera_codecs/include/event_camera_codecs/libcaer_cmp_decoder.h
-- Installing: /home/jonurce/Jon/ROS2Projects/idea_0_ws/install/event_camera_codecs/include/event_camera_codecs/evt3_decoder.h
-- Installing: /home/jonurce/Jon/ROS2Projects/idea_0_ws/install/event_camera_codecs/include/event_camera_codecs/mono_encoder.h
-- Installing: /home/jonurce/Jon/ROS2Projects/idea_0_ws/install/event_camera_codecs/include/event_camera_codecs/decoder.h
-- Installing: /home/jonurce/Jon/ROS2Projects/idea_0_ws/install/event_camera_codecs/include/event_camera_codecs/evt3_encoder.h
-- Installing: /home/jonurce/Jon/ROS2Projects/idea_0_ws/install/event_camera_codecs/include/event_camera_codecs/mono_decoder.h
-- Installing: /home/jonurce/Jon/ROS2Projects/idea_0_ws/install/event_camera_codecs/include/event_camera_codecs/evt3_types.h
-- Installing: /home/jonurce/Jon/ROS2Projects/idea_0_ws/install/event_camera_codecs/include/event_camera_codecs/trigger_decoder.h
-- Installing: /home/jonurce/Jon/ROS2Projects/idea_0_ws/install/event_camera_codecs/include/event_camera_codecs/event_processor.h
-- Installing: /home/jonurce/Jon/ROS2Projects/idea_0_ws/install/event_camera_codecs/include/event_camera_codecs/decoder_factory.h
-- Installing: /home/jonurce/Jon/ROS2Projects/idea_0_ws/install/event_camera_codecs/include/event_camera_codecs/encoder.h
-- Installing: /home/jonurce/Jon/ROS2Projects/idea_0_ws/install/event_camera_codecs/include/event_camera_codecs/event_packet.h
-- Installing: /home/jonurce/Jon/ROS2Projects/idea_0_ws/install/event_camera_codecs/include/event_camera_codecs/libcaer_decoder.h
-- Installing: /home/jonurce/Jon/ROS2Projects/idea_0_ws/install/event_camera_codecs/include/event_camera_codecs/ros1_ros2_compat.h
-- Installing: /home/jonurce/Jon/ROS2Projects/idea_0_ws/install/event_camera_codecs/include/event_camera_codecs/libcaer_cmp_types.h
-- Installing: /home/jonurce/Jon/ROS2Projects/idea_0_ws/install/event_camera_codecs/include/event_camera_codecs/noop_event_processor.h
-- Installing: /home/jonurce/Jon/ROS2Projects/idea_0_ws/install/event_camera_codecs/lib/libcodec.so
-- Set runtime path of "/home/jonurce/Jon/ROS2Projects/idea_0_ws/install/event_camera_codecs/lib/libcodec.so" to ""
-- Installing: /home/jonurce/Jon/ROS2Projects/idea_0_ws/install/event_camera_codecs/lib/event_camera_codecs/codec_perf
-- Set runtime path of "/home/jonurce/Jon/ROS2Projects/idea_0_ws/install/event_camera_codecs/lib/event_camera_codecs/codec_perf" to ""
-- Installing: /home/jonurce/Jon/ROS2Projects/idea_0_ws/install/event_camera_codecs/share/ament_index/resource_index/package_run_dependencies/event_camera_codecs
-- Installing: /home/jonurce/Jon/ROS2Projects/idea_0_ws/install/event_camera_codecs/share/ament_index/resource_index/parent_prefix_path/event_camera_codecs
-- Installing: /home/jonurce/Jon/ROS2Projects/idea_0_ws/install/event_camera_codecs/share/event_camera_codecs/environment/ament_prefix_path.sh
-- Installing: /home/jonurce/Jon/ROS2Projects/idea_0_ws/install/event_camera_codecs/share/event_camera_codecs/environment/ament_prefix_path.dsv
-- Installing: /home/jonurce/Jon/ROS2Projects/idea_0_ws/install/event_camera_codecs/share/event_camera_codecs/environment/path.sh
-- Installing: /home/jonurce/Jon/ROS2Projects/idea_0_ws/install/event_camera_codecs/share/event_camera_codecs/environment/path.dsv
-- Installing: /home/jonurce/Jon/ROS2Projects/idea_0_ws/install/event_camera_codecs/share/event_camera_codecs/local_setup.bash
-- Installing: /home/jonurce/Jon/ROS2Projects/idea_0_ws/install/event_camera_codecs/share/event_camera_codecs/local_setup.sh
-- Installing: /home/jonurce/Jon/ROS2Projects/idea_0_ws/install/event_camera_codecs/share/event_camera_codecs/local_setup.zsh
-- Installing: /home/jonurce/Jon/ROS2Projects/idea_0_ws/install/event_camera_codecs/share/event_camera_codecs/local_setup.dsv
-- Installing: /home/jonurce/Jon/ROS2Projects/idea_0_ws/install/event_camera_codecs/share/event_camera_codecs/package.dsv
-- Installing: /home/jonurce/Jon/ROS2Projects/idea_0_ws/install/event_camera_codecs/share/ament_index/resource_index/packages/event_camera_codecs
-- Installing: /home/jonurce/Jon/ROS2Projects/idea_0_ws/install/event_camera_codecs/share/event_camera_codecs/cmake/codecTargetsExport.cmake
-- Installing: /home/jonurce/Jon/ROS2Projects/idea_0_ws/install/event_camera_codecs/share/event_camera_codecs/cmake/codecTargetsExport-noconfig.cmake
-- Installing: /home/jonurce/Jon/ROS2Projects/idea_0_ws/install/event_camera_codecs/share/event_camera_codecs/cmake/ament_cmake_export_targets-extras.cmake
-- Installing: /home/jonurce/Jon/ROS2Projects/idea_0_ws/install/event_camera_codecs/share/event_camera_codecs/cmake/ament_cmake_export_dependencies-extras.cmake
-- Installing: /home/jonurce/Jon/ROS2Projects/idea_0_ws/install/event_camera_codecs/share/event_camera_codecs/cmake/ament_cmake_export_include_directories-extras.cmake
-- Installing: /home/jonurce/Jon/ROS2Projects/idea_0_ws/install/event_camera_codecs/share/event_camera_codecs/cmake/ament_cmake_export_libraries-extras.cmake
-- Installing: /home/jonurce/Jon/ROS2Projects/idea_0_ws/install/event_camera_codecs/share/event_camera_codecs/cmake/event_camera_codecsConfig.cmake
-- Installing: /home/jonurce/Jon/ROS2Projects/idea_0_ws/install/event_camera_codecs/share/event_camera_codecs/cmake/event_camera_codecsConfig-version.cmake
-- Installing: /home/jonurce/Jon/ROS2Projects/idea_0_ws/install/event_camera_codecs/share/event_camera_codecs/package.xml
