[0.028s] Invoking command in '/home/jonurce/Jon/ROS2Projects/idea_0_ws/build/event_camera_codecs': CMAKE_PREFIX_PATH=${CMAKE_PREFIX_PATH}:/opt/ros/humble /usr/bin/cmake /home/jonurce/Jon/ROS2Projects/idea_0_ws/src/event_camera_codecs -DCMAKE_INSTALL_PREFIX=/home/jonurce/Jon/ROS2Projects/idea_0_ws/install/event_camera_codecs
[0.130s] -- The C compiler identification is GNU 11.4.0
[0.236s] -- The CXX compiler identification is GNU 11.4.0
[0.254s] -- Detecting C compiler ABI info
[0.391s] -- Detecting C compiler ABI info - done
[0.410s] -- Check for working C compiler: /usr/bin/cc - skipped
[0.411s] -- Detecting C compile features
[0.411s] -- Detecting C compile features - done
[0.420s] -- Detecting CXX compiler ABI info
[0.577s] -- Detecting CXX compiler ABI info - done
[0.598s] -- Check for working CXX compiler: /usr/bin/c++ - skipped
[0.599s] -- Detecting CXX compile features
[0.600s] -- Detecting CXX compile features - done
[0.608s] -- Found ament_cmake: 1.3.11 (/opt/ros/humble/share/ament_cmake/cmake)
[0.924s] -- Found Python3: /usr/bin/python3 (found version "3.10.12") found components: Interpreter 
[1.138s] -- Found ament_cmake_ros: 0.10.0 (/opt/ros/humble/share/ament_cmake_ros/cmake)
[1.154s] -- Found ament_cmake_auto: 1.3.11 (/opt/ros/humble/share/ament_cmake_auto/cmake)
[1.156s] -- Found event_camera_msgs: 1.1.2 (/home/jonurce/Jon/ROS2Projects/test_ws/install/event_camera_msgs/share/event_camera_msgs/cmake)
[1.219s] -- Found rosidl_generator_c: 3.1.6 (/opt/ros/humble/share/rosidl_generator_c/cmake)
[1.230s] -- Found rosidl_adapter: 3.1.6 (/opt/ros/humble/share/rosidl_adapter/cmake)
[1.241s] -- Found rosidl_generator_cpp: 3.1.6 (/opt/ros/humble/share/rosidl_generator_cpp/cmake)
[1.263s] -- Using all available rosidl_typesupport_c: rosidl_typesupport_fastrtps_c;rosidl_typesupport_introspection_c
[1.291s] -- Using all available rosidl_typesupport_cpp: rosidl_typesupport_fastrtps_cpp;rosidl_typesupport_introspection_cpp
[1.520s] -- Found ament_cmake_copyright: 0.12.12 (/opt/ros/humble/share/ament_cmake_copyright/cmake)
[1.522s] -- Found ament_cmake_cppcheck: 0.12.12 (/opt/ros/humble/share/ament_cmake_cppcheck/cmake)
[1.525s] -- Found ament_cmake_cpplint: 0.12.12 (/opt/ros/humble/share/ament_cmake_cpplint/cmake)
[1.528s] -- Found ament_cmake_clang_format: 0.12.12 (/opt/ros/humble/share/ament_cmake_clang_format/cmake)
[1.532s] -- Found ament_cmake_flake8: 0.12.12 (/opt/ros/humble/share/ament_cmake_flake8/cmake)
[1.535s] -- Found ament_cmake_lint_cmake: 0.12.12 (/opt/ros/humble/share/ament_cmake_lint_cmake/cmake)
[1.537s] -- Found ament_cmake_pep257: 0.12.12 (/opt/ros/humble/share/ament_cmake_pep257/cmake)
[1.540s] -- Found ament_cmake_xmllint: 0.12.12 (/opt/ros/humble/share/ament_cmake_xmllint/cmake)
[1.556s] -- Configuring done
[1.576s] -- Generating done
[1.583s] -- Build files have been written to: /home/jonurce/Jon/ROS2Projects/idea_0_ws/build/event_camera_codecs
[1.598s] Invoked command in '/home/jonurce/Jon/ROS2Projects/idea_0_ws/build/event_camera_codecs' returned '0': CMAKE_PREFIX_PATH=${CMAKE_PREFIX_PATH}:/opt/ros/humble /usr/bin/cmake /home/jonurce/Jon/ROS2Projects/idea_0_ws/src/event_camera_codecs -DCMAKE_INSTALL_PREFIX=/home/jonurce/Jon/ROS2Projects/idea_0_ws/install/event_camera_codecs
[1.601s] Invoking command in '/home/jonurce/Jon/ROS2Projects/idea_0_ws/build/event_camera_codecs': CMAKE_PREFIX_PATH=${CMAKE_PREFIX_PATH}:/opt/ros/humble /usr/bin/cmake --build /home/jonurce/Jon/ROS2Projects/idea_0_ws/build/event_camera_codecs -- -j8 -l8
[1.697s] [ 25%] [32mBuilding CXX object CMakeFiles/codec.dir/src/encoder.cpp.o[0m
[2.696s] [ 50%] [32m[1mLinking CXX shared library libcodec.so[0m
[2.869s] [ 50%] Built target codec
[2.913s] [ 75%] [32mBuilding CXX object CMakeFiles/codec_perf.dir/src/perf.cpp.o[0m
[4.814s] [100%] [32m[1mLinking CXX executable codec_perf[0m
[5.030s] [100%] Built target codec_perf
[5.058s] Invoked command in '/home/jonurce/Jon/ROS2Projects/idea_0_ws/build/event_camera_codecs' returned '0': CMAKE_PREFIX_PATH=${CMAKE_PREFIX_PATH}:/opt/ros/humble /usr/bin/cmake --build /home/jonurce/Jon/ROS2Projects/idea_0_ws/build/event_camera_codecs -- -j8 -l8
[5.082s] Invoking command in '/home/jonurce/Jon/ROS2Projects/idea_0_ws/build/event_camera_codecs': CMAKE_PREFIX_PATH=${CMAKE_PREFIX_PATH}:/opt/ros/humble /usr/bin/cmake --install /home/jonurce/Jon/ROS2Projects/idea_0_ws/build/event_camera_codecs
[5.104s] -- Install configuration: ""
[5.105s] -- Installing: /home/jonurce/Jon/ROS2Projects/idea_0_ws/install/event_camera_codecs/share/event_camera_codecs/environment/library_path.sh
[5.105s] -- Installing: /home/jonurce/Jon/ROS2Projects/idea_0_ws/install/event_camera_codecs/share/event_camera_codecs/environment/library_path.dsv
[5.105s] -- Installing: /home/jonurce/Jon/ROS2Projects/idea_0_ws/install/event_camera_codecs/include
[5.105s] -- Installing: /home/jonurce/Jon/ROS2Projects/idea_0_ws/install/event_camera_codecs/include/event_camera_codecs
[5.106s] -- Installing: /home/jonurce/Jon/ROS2Projects/idea_0_ws/install/event_camera_codecs/include/event_camera_codecs/libcaer_cmp_decoder.h
[5.106s] -- Installing: /home/jonurce/Jon/ROS2Projects/idea_0_ws/install/event_camera_codecs/include/event_camera_codecs/evt3_decoder.h
[5.106s] -- Installing: /home/jonurce/Jon/ROS2Projects/idea_0_ws/install/event_camera_codecs/include/event_camera_codecs/mono_encoder.h
[5.106s] -- Installing: /home/jonurce/Jon/ROS2Projects/idea_0_ws/install/event_camera_codecs/include/event_camera_codecs/decoder.h
[5.106s] -- Installing: /home/jonurce/Jon/ROS2Projects/idea_0_ws/install/event_camera_codecs/include/event_camera_codecs/evt3_encoder.h
[5.107s] -- Installing: /home/jonurce/Jon/ROS2Projects/idea_0_ws/install/event_camera_codecs/include/event_camera_codecs/mono_decoder.h
[5.107s] -- Installing: /home/jonurce/Jon/ROS2Projects/idea_0_ws/install/event_camera_codecs/include/event_camera_codecs/evt3_types.h
[5.107s] -- Installing: /home/jonurce/Jon/ROS2Projects/idea_0_ws/install/event_camera_codecs/include/event_camera_codecs/trigger_decoder.h
[5.107s] -- Installing: /home/jonurce/Jon/ROS2Projects/idea_0_ws/install/event_camera_codecs/include/event_camera_codecs/event_processor.h
[5.108s] -- Installing: /home/jonurce/Jon/ROS2Projects/idea_0_ws/install/event_camera_codecs/include/event_camera_codecs/decoder_factory.h
[5.108s] -- Installing: /home/jonurce/Jon/ROS2Projects/idea_0_ws/install/event_camera_codecs/include/event_camera_codecs/encoder.h
[5.108s] -- Installing: /home/jonurce/Jon/ROS2Projects/idea_0_ws/install/event_camera_codecs/include/event_camera_codecs/event_packet.h
[5.108s] -- Installing: /home/jonurce/Jon/ROS2Projects/idea_0_ws/install/event_camera_codecs/include/event_camera_codecs/libcaer_decoder.h
[5.108s] -- Installing: /home/jonurce/Jon/ROS2Projects/idea_0_ws/install/event_camera_codecs/include/event_camera_codecs/ros1_ros2_compat.h
[5.109s] -- Installing: /home/jonurce/Jon/ROS2Projects/idea_0_ws/install/event_camera_codecs/include/event_camera_codecs/libcaer_cmp_types.h
[5.109s] -- Installing: /home/jonurce/Jon/ROS2Projects/idea_0_ws/install/event_camera_codecs/include/event_camera_codecs/noop_event_processor.h
[5.109s] -- Installing: /home/jonurce/Jon/ROS2Projects/idea_0_ws/install/event_camera_codecs/lib/libcodec.so
[5.110s] -- Set runtime path of "/home/jonurce/Jon/ROS2Projects/idea_0_ws/install/event_camera_codecs/lib/libcodec.so" to ""
[5.110s] -- Installing: /home/jonurce/Jon/ROS2Projects/idea_0_ws/install/event_camera_codecs/lib/event_camera_codecs/codec_perf
[5.111s] -- Set runtime path of "/home/jonurce/Jon/ROS2Projects/idea_0_ws/install/event_camera_codecs/lib/event_camera_codecs/codec_perf" to ""
[5.111s] -- Installing: /home/jonurce/Jon/ROS2Projects/idea_0_ws/install/event_camera_codecs/share/ament_index/resource_index/package_run_dependencies/event_camera_codecs
[5.112s] -- Installing: /home/jonurce/Jon/ROS2Projects/idea_0_ws/install/event_camera_codecs/share/ament_index/resource_index/parent_prefix_path/event_camera_codecs
[5.112s] -- Installing: /home/jonurce/Jon/ROS2Projects/idea_0_ws/install/event_camera_codecs/share/event_camera_codecs/environment/ament_prefix_path.sh
[5.112s] -- Installing: /home/jonurce/Jon/ROS2Projects/idea_0_ws/install/event_camera_codecs/share/event_camera_codecs/environment/ament_prefix_path.dsv
[5.113s] -- Installing: /home/jonurce/Jon/ROS2Projects/idea_0_ws/install/event_camera_codecs/share/event_camera_codecs/environment/path.sh
[5.113s] -- Installing: /home/jonurce/Jon/ROS2Projects/idea_0_ws/install/event_camera_codecs/share/event_camera_codecs/environment/path.dsv
[5.113s] -- Installing: /home/jonurce/Jon/ROS2Projects/idea_0_ws/install/event_camera_codecs/share/event_camera_codecs/local_setup.bash
[5.113s] -- Installing: /home/jonurce/Jon/ROS2Projects/idea_0_ws/install/event_camera_codecs/share/event_camera_codecs/local_setup.sh
[5.114s] -- Installing: /home/jonurce/Jon/ROS2Projects/idea_0_ws/install/event_camera_codecs/share/event_camera_codecs/local_setup.zsh
[5.114s] -- Installing: /home/jonurce/Jon/ROS2Projects/idea_0_ws/install/event_camera_codecs/share/event_camera_codecs/local_setup.dsv
[5.114s] -- Installing: /home/jonurce/Jon/ROS2Projects/idea_0_ws/install/event_camera_codecs/share/event_camera_codecs/package.dsv
[5.114s] -- Installing: /home/jonurce/Jon/ROS2Projects/idea_0_ws/install/event_camera_codecs/share/ament_index/resource_index/packages/event_camera_codecs
[5.115s] -- Installing: /home/jonurce/Jon/ROS2Projects/idea_0_ws/install/event_camera_codecs/share/event_camera_codecs/cmake/codecTargetsExport.cmake
[5.115s] -- Installing: /home/jonurce/Jon/ROS2Projects/idea_0_ws/install/event_camera_codecs/share/event_camera_codecs/cmake/codecTargetsExport-noconfig.cmake
[5.115s] -- Installing: /home/jonurce/Jon/ROS2Projects/idea_0_ws/install/event_camera_codecs/share/event_camera_codecs/cmake/ament_cmake_export_targets-extras.cmake
[5.115s] -- Installing: /home/jonurce/Jon/ROS2Projects/idea_0_ws/install/event_camera_codecs/share/event_camera_codecs/cmake/ament_cmake_export_dependencies-extras.cmake
[5.116s] -- Installing: /home/jonurce/Jon/ROS2Projects/idea_0_ws/install/event_camera_codecs/share/event_camera_codecs/cmake/ament_cmake_export_include_directories-extras.cmake
[5.116s] -- Installing: /home/jonurce/Jon/ROS2Projects/idea_0_ws/install/event_camera_codecs/share/event_camera_codecs/cmake/ament_cmake_export_libraries-extras.cmake
[5.116s] -- Installing: /home/jonurce/Jon/ROS2Projects/idea_0_ws/install/event_camera_codecs/share/event_camera_codecs/cmake/event_camera_codecsConfig.cmake
[5.116s] -- Installing: /home/jonurce/Jon/ROS2Projects/idea_0_ws/install/event_camera_codecs/share/event_camera_codecs/cmake/event_camera_codecsConfig-version.cmake
[5.116s] -- Installing: /home/jonurce/Jon/ROS2Projects/idea_0_ws/install/event_camera_codecs/share/event_camera_codecs/package.xml
[5.121s] Invoked command in '/home/jonurce/Jon/ROS2Projects/idea_0_ws/build/event_camera_codecs' returned '0': CMAKE_PREFIX_PATH=${CMAKE_PREFIX_PATH}:/opt/ros/humble /usr/bin/cmake --install /home/jonurce/Jon/ROS2Projects/idea_0_ws/build/event_camera_codecs
