[0.201s] DEBUG:colcon:Command line arguments: ['/usr/bin/colcon', 'build', '--packages-select', 'composition']
[0.202s] DEBUG:colcon:Parsed command line arguments: Namespace(log_base=None, log_level=None, verb_name='build', build_base='build', install_base='install', merge_install=False, symlink_install=False, test_result_base=None, continue_on_error=False, executor='parallel', parallel_workers=8, event_handlers=None, ignore_user_meta=False, metas=['./colcon.meta'], base_paths=['.'], packages_ignore=None, packages_ignore_regex=None, paths=None, packages_up_to=None, packages_up_to_regex=None, packages_above=None, packages_above_and_dependencies=None, packages_above_depth=None, packages_select_by_dep=None, packages_skip_by_dep=None, packages_skip_up_to=None, packages_select_build_failed=False, packages_skip_build_finished=False, packages_select_test_failures=False, packages_skip_test_passed=False, packages_select=['composition'], packages_skip=None, packages_select_regex=None, packages_skip_regex=None, packages_start=None, packages_end=None, allow_overriding=[], cmake_args=None, cmake_target=None, cmake_target_skip_unavailable=False, cmake_clean_cache=False, cmake_clean_first=False, cmake_force_configure=False, ament_cmake_args=None, catkin_cmake_args=None, catkin_skip_building_tests=False, mixin_files=None, mixin=None, verb_parser=<colcon_mixin.mixin.mixin_argument.MixinArgumentDecorator object at 0xffffb95d0f10>, verb_extension=<colcon_core.verb.build.BuildVerb object at 0xffffb95d09a0>, main=<bound method BuildVerb.main of <colcon_core.verb.build.BuildVerb object at 0xffffb95d09a0>>, mixin_verb=('build',))
[0.502s] Level 1:colcon.colcon_core.package_discovery:discover_packages(colcon_meta) check parameters
[0.502s] Level 1:colcon.colcon_core.package_discovery:discover_packages(recursive) check parameters
[0.502s] Level 1:colcon.colcon_core.package_discovery:discover_packages(ignore) check parameters
[0.502s] Level 1:colcon.colcon_core.package_discovery:discover_packages(path) check parameters
[0.502s] Level 1:colcon.colcon_core.package_discovery:discover_packages(colcon_meta) discover
[0.502s] Level 1:colcon.colcon_core.package_discovery:discover_packages(recursive) discover
[0.503s] INFO:colcon.colcon_core.package_discovery:Crawling recursively for packages in '/home/jonurce/Jon/ROS2Projects/idea_0_ws'
[0.503s] Level 1:colcon.colcon_core.package_identification:_identify(.) by extensions ['ignore', 'ignore_ament_install']
[0.503s] Level 1:colcon.colcon_core.package_identification:_identify(.) by extension 'ignore'
[0.503s] Level 1:colcon.colcon_core.package_identification:_identify(.) by extension 'ignore_ament_install'
[0.503s] Level 1:colcon.colcon_core.package_identification:_identify(.) by extensions ['colcon_pkg']
[0.503s] Level 1:colcon.colcon_core.package_identification:_identify(.) by extension 'colcon_pkg'
[0.503s] Level 1:colcon.colcon_core.package_identification:_identify(.) by extensions ['colcon_meta']
[0.504s] Level 1:colcon.colcon_core.package_identification:_identify(.) by extension 'colcon_meta'
[0.504s] Level 1:colcon.colcon_core.package_identification:_identify(.) by extensions ['ros']
[0.504s] Level 1:colcon.colcon_core.package_identification:_identify(.) by extension 'ros'
[0.525s] Level 1:colcon.colcon_core.package_identification:_identify(.) by extensions ['cmake', 'python']
[0.525s] Level 1:colcon.colcon_core.package_identification:_identify(.) by extension 'cmake'
[0.525s] Level 1:colcon.colcon_core.package_identification:_identify(.) by extension 'python'
[0.525s] Level 1:colcon.colcon_core.package_identification:_identify(.) by extensions ['python_setup_py']
[0.525s] Level 1:colcon.colcon_core.package_identification:_identify(.) by extension 'python_setup_py'
[0.526s] Level 1:colcon.colcon_core.package_identification:_identify(build) by extensions ['ignore', 'ignore_ament_install']
[0.526s] Level 1:colcon.colcon_core.package_identification:_identify(build) by extension 'ignore'
[0.526s] Level 1:colcon.colcon_core.package_identification:_identify(build) ignored
[0.526s] Level 1:colcon.colcon_core.package_identification:_identify(install) by extensions ['ignore', 'ignore_ament_install']
[0.526s] Level 1:colcon.colcon_core.package_identification:_identify(install) by extension 'ignore'
[0.526s] Level 1:colcon.colcon_core.package_identification:_identify(install) ignored
[0.527s] Level 1:colcon.colcon_core.package_identification:_identify(log) by extensions ['ignore', 'ignore_ament_install']
[0.527s] Level 1:colcon.colcon_core.package_identification:_identify(log) by extension 'ignore'
[0.527s] Level 1:colcon.colcon_core.package_identification:_identify(log) ignored
[0.527s] Level 1:colcon.colcon_core.package_identification:_identify(src) by extensions ['ignore', 'ignore_ament_install']
[0.527s] Level 1:colcon.colcon_core.package_identification:_identify(src) by extension 'ignore'
[0.527s] Level 1:colcon.colcon_core.package_identification:_identify(src) by extension 'ignore_ament_install'
[0.528s] Level 1:colcon.colcon_core.package_identification:_identify(src) by extensions ['colcon_pkg']
[0.528s] Level 1:colcon.colcon_core.package_identification:_identify(src) by extension 'colcon_pkg'
[0.528s] Level 1:colcon.colcon_core.package_identification:_identify(src) by extensions ['colcon_meta']
[0.528s] Level 1:colcon.colcon_core.package_identification:_identify(src) by extension 'colcon_meta'
[0.528s] Level 1:colcon.colcon_core.package_identification:_identify(src) by extensions ['ros']
[0.528s] Level 1:colcon.colcon_core.package_identification:_identify(src) by extension 'ros'
[0.528s] Level 1:colcon.colcon_core.package_identification:_identify(src) by extensions ['cmake', 'python']
[0.528s] Level 1:colcon.colcon_core.package_identification:_identify(src) by extension 'cmake'
[0.528s] Level 1:colcon.colcon_core.package_identification:_identify(src) by extension 'python'
[0.528s] Level 1:colcon.colcon_core.package_identification:_identify(src) by extensions ['python_setup_py']
[0.528s] Level 1:colcon.colcon_core.package_identification:_identify(src) by extension 'python_setup_py'
[0.529s] Level 1:colcon.colcon_core.package_identification:_identify(src/composition) by extensions ['ignore', 'ignore_ament_install']
[0.529s] Level 1:colcon.colcon_core.package_identification:_identify(src/composition) by extension 'ignore'
[0.529s] Level 1:colcon.colcon_core.package_identification:_identify(src/composition) by extension 'ignore_ament_install'
[0.529s] Level 1:colcon.colcon_core.package_identification:_identify(src/composition) by extensions ['colcon_pkg']
[0.529s] Level 1:colcon.colcon_core.package_identification:_identify(src/composition) by extension 'colcon_pkg'
[0.529s] Level 1:colcon.colcon_core.package_identification:_identify(src/composition) by extensions ['colcon_meta']
[0.529s] Level 1:colcon.colcon_core.package_identification:_identify(src/composition) by extension 'colcon_meta'
[0.529s] Level 1:colcon.colcon_core.package_identification:_identify(src/composition) by extensions ['ros']
[0.529s] Level 1:colcon.colcon_core.package_identification:_identify(src/composition) by extension 'ros'
[0.534s] DEBUG:colcon.colcon_core.package_identification:Package 'src/composition' with type 'ros.ament_cmake' and name 'composition'
[0.534s] Level 1:colcon.colcon_core.package_identification:_identify(src/event_camera_codecs) by extensions ['ignore', 'ignore_ament_install']
[0.535s] Level 1:colcon.colcon_core.package_identification:_identify(src/event_camera_codecs) by extension 'ignore'
[0.535s] Level 1:colcon.colcon_core.package_identification:_identify(src/event_camera_codecs) by extension 'ignore_ament_install'
[0.535s] Level 1:colcon.colcon_core.package_identification:_identify(src/event_camera_codecs) by extensions ['colcon_pkg']
[0.535s] Level 1:colcon.colcon_core.package_identification:_identify(src/event_camera_codecs) by extension 'colcon_pkg'
[0.535s] Level 1:colcon.colcon_core.package_identification:_identify(src/event_camera_codecs) by extensions ['colcon_meta']
[0.535s] Level 1:colcon.colcon_core.package_identification:_identify(src/event_camera_codecs) by extension 'colcon_meta'
[0.535s] Level 1:colcon.colcon_core.package_identification:_identify(src/event_camera_codecs) by extensions ['ros']
[0.535s] Level 1:colcon.colcon_core.package_identification:_identify(src/event_camera_codecs) by extension 'ros'
[0.547s] DEBUG:colcon.colcon_core.package_identification:Package 'src/event_camera_codecs' with type 'ros.ament_cmake' and name 'event_camera_codecs'
[0.547s] Level 1:colcon.colcon_core.package_identification:_identify(src/event_reader) by extensions ['ignore', 'ignore_ament_install']
[0.547s] Level 1:colcon.colcon_core.package_identification:_identify(src/event_reader) by extension 'ignore'
[0.547s] Level 1:colcon.colcon_core.package_identification:_identify(src/event_reader) by extension 'ignore_ament_install'
[0.547s] Level 1:colcon.colcon_core.package_identification:_identify(src/event_reader) by extensions ['colcon_pkg']
[0.548s] Level 1:colcon.colcon_core.package_identification:_identify(src/event_reader) by extension 'colcon_pkg'
[0.548s] Level 1:colcon.colcon_core.package_identification:_identify(src/event_reader) by extensions ['colcon_meta']
[0.548s] Level 1:colcon.colcon_core.package_identification:_identify(src/event_reader) by extension 'colcon_meta'
[0.548s] Level 1:colcon.colcon_core.package_identification:_identify(src/event_reader) by extensions ['ros']
[0.548s] Level 1:colcon.colcon_core.package_identification:_identify(src/event_reader) by extension 'ros'
[0.549s] DEBUG:colcon.colcon_core.package_identification:Package 'src/event_reader' with type 'ros.ament_python' and name 'event_reader'
[0.549s] Level 1:colcon.colcon_core.package_discovery:discover_packages(recursive) using defaults
[0.549s] Level 1:colcon.colcon_core.package_discovery:discover_packages(ignore) discover
[0.549s] Level 1:colcon.colcon_core.package_discovery:discover_packages(ignore) using defaults
[0.549s] Level 1:colcon.colcon_core.package_discovery:discover_packages(path) discover
[0.549s] Level 1:colcon.colcon_core.package_discovery:discover_packages(path) using defaults
[0.612s] INFO:colcon.colcon_core.package_selection:Skipping not selected package 'event_camera_codecs' in 'src/event_camera_codecs'
[0.612s] INFO:colcon.colcon_core.package_selection:Skipping not selected package 'event_reader' in 'src/event_reader'
[0.613s] Level 1:colcon.colcon_core.package_discovery:discover_packages(prefix_path) check parameters
[0.613s] Level 1:colcon.colcon_core.package_discovery:discover_packages(prefix_path) discover
[0.616s] DEBUG:colcon.colcon_installed_package_information.package_discovery:Found 3 installed packages in /home/jonurce/Jon/ROS2Projects/test_ws/install
[0.618s] DEBUG:colcon.colcon_installed_package_information.package_discovery:Found 244 installed packages in /opt/ros/humble
[0.621s] Level 1:colcon.colcon_core.package_discovery:discover_packages(prefix_path) using defaults
[0.684s] Level 5:colcon.colcon_core.verb:set package 'composition' build argument 'cmake_args' from command line to 'None'
[0.684s] Level 5:colcon.colcon_core.verb:set package 'composition' build argument 'cmake_target' from command line to 'None'
[0.685s] Level 5:colcon.colcon_core.verb:set package 'composition' build argument 'cmake_target_skip_unavailable' from command line to 'False'
[0.685s] Level 5:colcon.colcon_core.verb:set package 'composition' build argument 'cmake_clean_cache' from command line to 'False'
[0.685s] Level 5:colcon.colcon_core.verb:set package 'composition' build argument 'cmake_clean_first' from command line to 'False'
[0.685s] Level 5:colcon.colcon_core.verb:set package 'composition' build argument 'cmake_force_configure' from command line to 'False'
[0.685s] Level 5:colcon.colcon_core.verb:set package 'composition' build argument 'ament_cmake_args' from command line to 'None'
[0.685s] Level 5:colcon.colcon_core.verb:set package 'composition' build argument 'catkin_cmake_args' from command line to 'None'
[0.685s] Level 5:colcon.colcon_core.verb:set package 'composition' build argument 'catkin_skip_building_tests' from command line to 'False'
[0.685s] DEBUG:colcon.colcon_core.verb:Building package 'composition' with the following arguments: {'ament_cmake_args': None, 'build_base': '/home/jonurce/Jon/ROS2Projects/idea_0_ws/build/composition', 'catkin_cmake_args': None, 'catkin_skip_building_tests': False, 'cmake_args': None, 'cmake_clean_cache': False, 'cmake_clean_first': False, 'cmake_force_configure': False, 'cmake_target': None, 'cmake_target_skip_unavailable': False, 'install_base': '/home/jonurce/Jon/ROS2Projects/idea_0_ws/install/composition', 'merge_install': False, 'path': '/home/jonurce/Jon/ROS2Projects/idea_0_ws/src/composition', 'symlink_install': False, 'test_result_base': None}
[0.685s] INFO:colcon.colcon_core.executor:Executing jobs using 'parallel' executor
[0.688s] DEBUG:colcon.colcon_parallel_executor.executor.parallel:run_until_complete
[0.688s] INFO:colcon.colcon_ros.task.ament_cmake.build:Building ROS package in '/home/jonurce/Jon/ROS2Projects/idea_0_ws/src/composition' with build type 'ament_cmake'
[0.689s] INFO:colcon.colcon_cmake.task.cmake.build:Building CMake package in '/home/jonurce/Jon/ROS2Projects/idea_0_ws/src/composition'
[0.692s] INFO:colcon.colcon_core.plugin_system:Skipping extension 'colcon_core.shell.bat': Not used on non-Windows systems
[0.693s] INFO:colcon.colcon_core.shell:Skip shell extension 'powershell' for command environment: Not usable outside of PowerShell
[0.693s] DEBUG:colcon.colcon_core.shell:Skip shell extension 'dsv' for command environment
[0.715s] DEBUG:colcon.colcon_core.event_handler.log_command:Invoking command in '/home/jonurce/Jon/ROS2Projects/idea_0_ws/build/composition': AMENT_PREFIX_PATH=/home/jonurce/Jon/ROS2Projects/idea_0_ws/install/event_camera_codecs:${AMENT_PREFIX_PATH} CMAKE_PREFIX_PATH=/home/jonurce/Jon/ROS2Projects/idea_0_ws/install/event_camera_codecs:/home/jonurce/Jon/ROS2Projects/test_ws/install/event_camera_renderer:/home/jonurce/Jon/ROS2Projects/test_ws/install/event_camera_codecs:/home/jonurce/Jon/ROS2Projects/test_ws/install/event_camera_msgs:/opt/ros/humble/opt/openeb_vendor:/opt/ros/humble LD_LIBRARY_PATH=/home/jonurce/Jon/ROS2Projects/idea_0_ws/install/event_camera_codecs/lib:${LD_LIBRARY_PATH} /usr/bin/cmake --build /home/jonurce/Jon/ROS2Projects/idea_0_ws/build/composition -- -j8 -l8
[0.959s] DEBUG:colcon.colcon_core.event_handler.log_command:Invoked command in '/home/jonurce/Jon/ROS2Projects/idea_0_ws/build/composition' returned '0': AMENT_PREFIX_PATH=/home/jonurce/Jon/ROS2Projects/idea_0_ws/install/event_camera_codecs:${AMENT_PREFIX_PATH} CMAKE_PREFIX_PATH=/home/jonurce/Jon/ROS2Projects/idea_0_ws/install/event_camera_codecs:/home/jonurce/Jon/ROS2Projects/test_ws/install/event_camera_renderer:/home/jonurce/Jon/ROS2Projects/test_ws/install/event_camera_codecs:/home/jonurce/Jon/ROS2Projects/test_ws/install/event_camera_msgs:/opt/ros/humble/opt/openeb_vendor:/opt/ros/humble LD_LIBRARY_PATH=/home/jonurce/Jon/ROS2Projects/idea_0_ws/install/event_camera_codecs/lib:${LD_LIBRARY_PATH} /usr/bin/cmake --build /home/jonurce/Jon/ROS2Projects/idea_0_ws/build/composition -- -j8 -l8
[0.980s] DEBUG:colcon.colcon_core.event_handler.log_command:Invoking command in '/home/jonurce/Jon/ROS2Projects/idea_0_ws/build/composition': AMENT_PREFIX_PATH=/home/jonurce/Jon/ROS2Projects/idea_0_ws/install/event_camera_codecs:${AMENT_PREFIX_PATH} CMAKE_PREFIX_PATH=/home/jonurce/Jon/ROS2Projects/idea_0_ws/install/event_camera_codecs:/home/jonurce/Jon/ROS2Projects/test_ws/install/event_camera_renderer:/home/jonurce/Jon/ROS2Projects/test_ws/install/event_camera_codecs:/home/jonurce/Jon/ROS2Projects/test_ws/install/event_camera_msgs:/opt/ros/humble/opt/openeb_vendor:/opt/ros/humble LD_LIBRARY_PATH=/home/jonurce/Jon/ROS2Projects/idea_0_ws/install/event_camera_codecs/lib:${LD_LIBRARY_PATH} /usr/bin/cmake --install /home/jonurce/Jon/ROS2Projects/idea_0_ws/build/composition
[0.999s] Level 1:colcon.colcon_core.environment:create_environment_scripts_only(composition)
[1.001s] DEBUG:colcon.colcon_core.event_handler.log_command:Invoked command in '/home/jonurce/Jon/ROS2Projects/idea_0_ws/build/composition' returned '0': AMENT_PREFIX_PATH=/home/jonurce/Jon/ROS2Projects/idea_0_ws/install/event_camera_codecs:${AMENT_PREFIX_PATH} CMAKE_PREFIX_PATH=/home/jonurce/Jon/ROS2Projects/idea_0_ws/install/event_camera_codecs:/home/jonurce/Jon/ROS2Projects/test_ws/install/event_camera_renderer:/home/jonurce/Jon/ROS2Projects/test_ws/install/event_camera_codecs:/home/jonurce/Jon/ROS2Projects/test_ws/install/event_camera_msgs:/opt/ros/humble/opt/openeb_vendor:/opt/ros/humble LD_LIBRARY_PATH=/home/jonurce/Jon/ROS2Projects/idea_0_ws/install/event_camera_codecs/lib:${LD_LIBRARY_PATH} /usr/bin/cmake --install /home/jonurce/Jon/ROS2Projects/idea_0_ws/build/composition
[1.006s] Level 1:colcon.colcon_core.environment:checking '/home/jonurce/Jon/ROS2Projects/idea_0_ws/install/composition' for CMake module files
[1.008s] Level 1:colcon.colcon_core.environment:checking '/home/jonurce/Jon/ROS2Projects/idea_0_ws/install/composition' for CMake config files
[1.009s] Level 1:colcon.colcon_core.shell:create_environment_hook('composition', 'cmake_prefix_path')
[1.010s] INFO:colcon.colcon_core.shell:Creating environment hook '/home/jonurce/Jon/ROS2Projects/idea_0_ws/install/composition/share/composition/hook/cmake_prefix_path.ps1'
[1.012s] INFO:colcon.colcon_core.shell:Creating environment descriptor '/home/jonurce/Jon/ROS2Projects/idea_0_ws/install/composition/share/composition/hook/cmake_prefix_path.dsv'
[1.013s] INFO:colcon.colcon_core.shell:Creating environment hook '/home/jonurce/Jon/ROS2Projects/idea_0_ws/install/composition/share/composition/hook/cmake_prefix_path.sh'
[1.016s] Level 1:colcon.colcon_core.environment:checking '/home/jonurce/Jon/ROS2Projects/idea_0_ws/install/composition/lib'
[1.018s] Level 1:colcon.colcon_core.shell:create_environment_hook('composition', 'ld_library_path_lib')
[1.019s] INFO:colcon.colcon_core.shell:Creating environment hook '/home/jonurce/Jon/ROS2Projects/idea_0_ws/install/composition/share/composition/hook/ld_library_path_lib.ps1'
[1.021s] INFO:colcon.colcon_core.shell:Creating environment descriptor '/home/jonurce/Jon/ROS2Projects/idea_0_ws/install/composition/share/composition/hook/ld_library_path_lib.dsv'
[1.022s] INFO:colcon.colcon_core.shell:Creating environment hook '/home/jonurce/Jon/ROS2Projects/idea_0_ws/install/composition/share/composition/hook/ld_library_path_lib.sh'
[1.023s] Level 1:colcon.colcon_core.environment:checking '/home/jonurce/Jon/ROS2Projects/idea_0_ws/install/composition/bin'
[1.024s] Level 1:colcon.colcon_core.environment:checking '/home/jonurce/Jon/ROS2Projects/idea_0_ws/install/composition/lib/pkgconfig/composition.pc'
[1.025s] Level 1:colcon.colcon_core.environment:checking '/home/jonurce/Jon/ROS2Projects/idea_0_ws/install/composition/lib/python3.10/site-packages'
[1.025s] Level 1:colcon.colcon_core.environment:checking '/home/jonurce/Jon/ROS2Projects/idea_0_ws/install/composition/bin'
[1.026s] INFO:colcon.colcon_core.shell:Creating package script '/home/jonurce/Jon/ROS2Projects/idea_0_ws/install/composition/share/composition/package.ps1'
[1.028s] INFO:colcon.colcon_core.shell:Creating package descriptor '/home/jonurce/Jon/ROS2Projects/idea_0_ws/install/composition/share/composition/package.dsv'
[1.031s] INFO:colcon.colcon_core.shell:Creating package script '/home/jonurce/Jon/ROS2Projects/idea_0_ws/install/composition/share/composition/package.sh'
[1.033s] INFO:colcon.colcon_core.shell:Creating package script '/home/jonurce/Jon/ROS2Projects/idea_0_ws/install/composition/share/composition/package.bash'
[1.037s] INFO:colcon.colcon_core.shell:Creating package script '/home/jonurce/Jon/ROS2Projects/idea_0_ws/install/composition/share/composition/package.zsh'
[1.040s] Level 1:colcon.colcon_core.environment:create_file_with_runtime_dependencies(/home/jonurce/Jon/ROS2Projects/idea_0_ws/install/composition/share/colcon-core/packages/composition)
[1.042s] Level 1:colcon.colcon_core.environment:create_environment_scripts_only(composition)
[1.042s] Level 1:colcon.colcon_core.environment:checking '/home/jonurce/Jon/ROS2Projects/idea_0_ws/install/composition' for CMake module files
[1.044s] Level 1:colcon.colcon_core.environment:checking '/home/jonurce/Jon/ROS2Projects/idea_0_ws/install/composition' for CMake config files
[1.045s] Level 1:colcon.colcon_core.shell:create_environment_hook('composition', 'cmake_prefix_path')
[1.045s] INFO:colcon.colcon_core.shell:Creating environment hook '/home/jonurce/Jon/ROS2Projects/idea_0_ws/install/composition/share/composition/hook/cmake_prefix_path.ps1'
[1.047s] INFO:colcon.colcon_core.shell:Creating environment descriptor '/home/jonurce/Jon/ROS2Projects/idea_0_ws/install/composition/share/composition/hook/cmake_prefix_path.dsv'
[1.048s] INFO:colcon.colcon_core.shell:Creating environment hook '/home/jonurce/Jon/ROS2Projects/idea_0_ws/install/composition/share/composition/hook/cmake_prefix_path.sh'
[1.050s] Level 1:colcon.colcon_core.environment:checking '/home/jonurce/Jon/ROS2Projects/idea_0_ws/install/composition/lib'
[1.050s] Level 1:colcon.colcon_core.shell:create_environment_hook('composition', 'ld_library_path_lib')
[1.050s] INFO:colcon.colcon_core.shell:Creating environment hook '/home/jonurce/Jon/ROS2Projects/idea_0_ws/install/composition/share/composition/hook/ld_library_path_lib.ps1'
[1.052s] INFO:colcon.colcon_core.shell:Creating environment descriptor '/home/jonurce/Jon/ROS2Projects/idea_0_ws/install/composition/share/composition/hook/ld_library_path_lib.dsv'
[1.052s] INFO:colcon.colcon_core.shell:Creating environment hook '/home/jonurce/Jon/ROS2Projects/idea_0_ws/install/composition/share/composition/hook/ld_library_path_lib.sh'
[1.054s] Level 1:colcon.colcon_core.environment:checking '/home/jonurce/Jon/ROS2Projects/idea_0_ws/install/composition/bin'
[1.054s] Level 1:colcon.colcon_core.environment:checking '/home/jonurce/Jon/ROS2Projects/idea_0_ws/install/composition/lib/pkgconfig/composition.pc'
[1.054s] Level 1:colcon.colcon_core.environment:checking '/home/jonurce/Jon/ROS2Projects/idea_0_ws/install/composition/lib/python3.10/site-packages'
[1.055s] Level 1:colcon.colcon_core.environment:checking '/home/jonurce/Jon/ROS2Projects/idea_0_ws/install/composition/bin'
[1.056s] INFO:colcon.colcon_core.shell:Creating package script '/home/jonurce/Jon/ROS2Projects/idea_0_ws/install/composition/share/composition/package.ps1'
[1.058s] INFO:colcon.colcon_core.shell:Creating package descriptor '/home/jonurce/Jon/ROS2Projects/idea_0_ws/install/composition/share/composition/package.dsv'
[1.061s] INFO:colcon.colcon_core.shell:Creating package script '/home/jonurce/Jon/ROS2Projects/idea_0_ws/install/composition/share/composition/package.sh'
[1.062s] INFO:colcon.colcon_core.shell:Creating package script '/home/jonurce/Jon/ROS2Projects/idea_0_ws/install/composition/share/composition/package.bash'
[1.064s] INFO:colcon.colcon_core.shell:Creating package script '/home/jonurce/Jon/ROS2Projects/idea_0_ws/install/composition/share/composition/package.zsh'
[1.065s] Level 1:colcon.colcon_core.environment:create_file_with_runtime_dependencies(/home/jonurce/Jon/ROS2Projects/idea_0_ws/install/composition/share/colcon-core/packages/composition)
[1.066s] DEBUG:colcon.colcon_parallel_executor.executor.parallel:closing loop
[1.067s] DEBUG:colcon.colcon_parallel_executor.executor.parallel:loop closed
[1.068s] DEBUG:colcon.colcon_parallel_executor.executor.parallel:run_until_complete finished with '0'
[1.068s] DEBUG:colcon.colcon_core.event_reactor:joining thread
[1.089s] INFO:colcon.colcon_core.plugin_system:Skipping extension 'colcon_notification.desktop_notification.terminal_notifier': Not used on non-Darwin systems
[1.090s] INFO:colcon.colcon_core.plugin_system:Skipping extension 'colcon_notification.desktop_notification.win32': Not used on non-Windows systems
[1.090s] INFO:colcon.colcon_notification.desktop_notification:Sending desktop notification using 'notify2'
[1.131s] DEBUG:colcon.colcon_core.event_reactor:joined thread
[1.132s] INFO:colcon.colcon_core.shell:Creating prefix script '/home/jonurce/Jon/ROS2Projects/idea_0_ws/install/local_setup.ps1'
[1.136s] INFO:colcon.colcon_core.shell:Creating prefix util module '/home/jonurce/Jon/ROS2Projects/idea_0_ws/install/_local_setup_util_ps1.py'
[1.139s] INFO:colcon.colcon_core.shell:Creating prefix chain script '/home/jonurce/Jon/ROS2Projects/idea_0_ws/install/setup.ps1'
[1.142s] INFO:colcon.colcon_core.shell:Creating prefix script '/home/jonurce/Jon/ROS2Projects/idea_0_ws/install/local_setup.sh'
[1.144s] INFO:colcon.colcon_core.shell:Creating prefix util module '/home/jonurce/Jon/ROS2Projects/idea_0_ws/install/_local_setup_util_sh.py'
[1.145s] INFO:colcon.colcon_core.shell:Creating prefix chain script '/home/jonurce/Jon/ROS2Projects/idea_0_ws/install/setup.sh'
[1.148s] INFO:colcon.colcon_core.shell:Creating prefix script '/home/jonurce/Jon/ROS2Projects/idea_0_ws/install/local_setup.bash'
[1.149s] INFO:colcon.colcon_core.shell:Creating prefix chain script '/home/jonurce/Jon/ROS2Projects/idea_0_ws/install/setup.bash'
[1.151s] INFO:colcon.colcon_core.shell:Creating prefix script '/home/jonurce/Jon/ROS2Projects/idea_0_ws/install/local_setup.zsh'
[1.152s] INFO:colcon.colcon_core.shell:Creating prefix chain script '/home/jonurce/Jon/ROS2Projects/idea_0_ws/install/setup.zsh'
