[0.027s] Invoking command in '/home/jonurce/Jon/ROS2Projects/idea_0_ws/build/composition': AMENT_PREFIX_PATH=/home/jonurce/Jon/ROS2Projects/idea_0_ws/install/event_camera_codecs:${AMENT_PREFIX_PATH} CMAKE_PREFIX_PATH=/home/jonurce/Jon/ROS2Projects/idea_0_ws/install/event_camera_codecs:/home/jonurce/Jon/ROS2Projects/test_ws/install/event_camera_renderer:/home/jonurce/Jon/ROS2Projects/test_ws/install/event_camera_codecs:/home/jonurce/Jon/ROS2Projects/test_ws/install/event_camera_msgs:/opt/ros/humble/opt/openeb_vendor:/opt/ros/humble LD_LIBRARY_PATH=/home/jonurce/Jon/ROS2Projects/idea_0_ws/install/event_camera_codecs/lib:${LD_LIBRARY_PATH} /usr/bin/cmake --build /home/jonurce/Jon/ROS2Projects/idea_0_ws/build/composition -- -j8 -l8
[0.108s] [35m[1mConsolidate compiler generated dependencies of target listener_component[0m
[0.133s] [ 33%] Built target talker_component
[0.150s] [ 50%] [32mBuilding CXX object CMakeFiles/listener_component.dir/src/listener_component.cpp.o[0m
[20.366s] [ 66%] [32m[1mLinking CXX shared library liblistener_component.so[0m
[21.383s] [ 66%] Built target listener_component
[21.421s] [35m[1mConsolidate compiler generated dependencies of target manual_composition[0m
[21.461s] [ 83%] [32mBuilding CXX object CMakeFiles/manual_composition.dir/src/manual_composition.cpp.o[0m
[29.083s] [100%] [32m[1mLinking CXX executable manual_composition[0m
[29.654s] [100%] Built target manual_composition
[29.683s] Invoked command in '/home/jonurce/Jon/ROS2Projects/idea_0_ws/build/composition' returned '0': AMENT_PREFIX_PATH=/home/jonurce/Jon/ROS2Projects/idea_0_ws/install/event_camera_codecs:${AMENT_PREFIX_PATH} CMAKE_PREFIX_PATH=/home/jonurce/Jon/ROS2Projects/idea_0_ws/install/event_camera_codecs:/home/jonurce/Jon/ROS2Projects/test_ws/install/event_camera_renderer:/home/jonurce/Jon/ROS2Projects/test_ws/install/event_camera_codecs:/home/jonurce/Jon/ROS2Projects/test_ws/install/event_camera_msgs:/opt/ros/humble/opt/openeb_vendor:/opt/ros/humble LD_LIBRARY_PATH=/home/jonurce/Jon/ROS2Projects/idea_0_ws/install/event_camera_codecs/lib:${LD_LIBRARY_PATH} /usr/bin/cmake --build /home/jonurce/Jon/ROS2Projects/idea_0_ws/build/composition -- -j8 -l8
[29.708s] Invoking command in '/home/jonurce/Jon/ROS2Projects/idea_0_ws/build/composition': AMENT_PREFIX_PATH=/home/jonurce/Jon/ROS2Projects/idea_0_ws/install/event_camera_codecs:${AMENT_PREFIX_PATH} CMAKE_PREFIX_PATH=/home/jonurce/Jon/ROS2Projects/idea_0_ws/install/event_camera_codecs:/home/jonurce/Jon/ROS2Projects/test_ws/install/event_camera_renderer:/home/jonurce/Jon/ROS2Projects/test_ws/install/event_camera_codecs:/home/jonurce/Jon/ROS2Projects/test_ws/install/event_camera_msgs:/opt/ros/humble/opt/openeb_vendor:/opt/ros/humble LD_LIBRARY_PATH=/home/jonurce/Jon/ROS2Projects/idea_0_ws/install/event_camera_codecs/lib:${LD_LIBRARY_PATH} /usr/bin/cmake --install /home/jonurce/Jon/ROS2Projects/idea_0_ws/build/composition
[29.724s] -- Install configuration: ""
[29.725s] -- Up-to-date: /home/jonurce/Jon/ROS2Projects/idea_0_ws/install/composition/share/composition/environment/library_path.sh
[29.725s] -- Up-to-date: /home/jonurce/Jon/ROS2Projects/idea_0_ws/install/composition/share/composition/environment/library_path.dsv
[29.725s] -- Up-to-date: /home/jonurce/Jon/ROS2Projects/idea_0_ws/install/composition/lib/libtalker_component.so
[29.725s] -- Installing: /home/jonurce/Jon/ROS2Projects/idea_0_ws/install/composition/lib/liblistener_component.so
[29.748s] -- Set runtime path of "/home/jonurce/Jon/ROS2Projects/idea_0_ws/install/composition/lib/liblistener_component.so" to ""
[29.748s] -- Installing: /home/jonurce/Jon/ROS2Projects/idea_0_ws/install/composition/lib/composition/manual_composition
[29.749s] -- Set runtime path of "/home/jonurce/Jon/ROS2Projects/idea_0_ws/install/composition/lib/composition/manual_composition" to ""
[29.749s] -- Up-to-date: /home/jonurce/Jon/ROS2Projects/idea_0_ws/install/composition/share/composition/launch
[29.749s] -- Up-to-date: /home/jonurce/Jon/ROS2Projects/idea_0_ws/install/composition/share/composition/launch/composition_demo.launch.py
[29.749s] -- Up-to-date: /home/jonurce/Jon/ROS2Projects/idea_0_ws/install/composition/share/ament_index/resource_index/package_run_dependencies/composition
[29.750s] -- Up-to-date: /home/jonurce/Jon/ROS2Projects/idea_0_ws/install/composition/share/ament_index/resource_index/parent_prefix_path/composition
[29.750s] -- Up-to-date: /home/jonurce/Jon/ROS2Projects/idea_0_ws/install/composition/share/composition/environment/ament_prefix_path.sh
[29.750s] -- Up-to-date: /home/jonurce/Jon/ROS2Projects/idea_0_ws/install/composition/share/composition/environment/ament_prefix_path.dsv
[29.750s] -- Up-to-date: /home/jonurce/Jon/ROS2Projects/idea_0_ws/install/composition/share/composition/environment/path.sh
[29.750s] -- Up-to-date: /home/jonurce/Jon/ROS2Projects/idea_0_ws/install/composition/share/composition/environment/path.dsv
[29.750s] -- Up-to-date: /home/jonurce/Jon/ROS2Projects/idea_0_ws/install/composition/share/composition/local_setup.bash
[29.750s] -- Up-to-date: /home/jonurce/Jon/ROS2Projects/idea_0_ws/install/composition/share/composition/local_setup.sh
[29.751s] -- Up-to-date: /home/jonurce/Jon/ROS2Projects/idea_0_ws/install/composition/share/composition/local_setup.zsh
[29.751s] -- Up-to-date: /home/jonurce/Jon/ROS2Projects/idea_0_ws/install/composition/share/composition/local_setup.dsv
[29.751s] -- Installing: /home/jonurce/Jon/ROS2Projects/idea_0_ws/install/composition/share/composition/package.dsv
[29.751s] -- Up-to-date: /home/jonurce/Jon/ROS2Projects/idea_0_ws/install/composition/share/ament_index/resource_index/packages/composition
[29.751s] -- Up-to-date: /home/jonurce/Jon/ROS2Projects/idea_0_ws/install/composition/share/ament_index/resource_index/rclcpp_components/composition
[29.751s] -- Up-to-date: /home/jonurce/Jon/ROS2Projects/idea_0_ws/install/composition/share/composition/cmake/compositionConfig.cmake
[29.751s] -- Up-to-date: /home/jonurce/Jon/ROS2Projects/idea_0_ws/install/composition/share/composition/cmake/compositionConfig-version.cmake
[29.751s] -- Up-to-date: /home/jonurce/Jon/ROS2Projects/idea_0_ws/install/composition/share/composition/package.xml
[29.755s] Invoked command in '/home/jonurce/Jon/ROS2Projects/idea_0_ws/build/composition' returned '0': AMENT_PREFIX_PATH=/home/jonurce/Jon/ROS2Projects/idea_0_ws/install/event_camera_codecs:${AMENT_PREFIX_PATH} CMAKE_PREFIX_PATH=/home/jonurce/Jon/ROS2Projects/idea_0_ws/install/event_camera_codecs:/home/jonurce/Jon/ROS2Projects/test_ws/install/event_camera_renderer:/home/jonurce/Jon/ROS2Projects/test_ws/install/event_camera_codecs:/home/jonurce/Jon/ROS2Projects/test_ws/install/event_camera_msgs:/opt/ros/humble/opt/openeb_vendor:/opt/ros/humble LD_LIBRARY_PATH=/home/jonurce/Jon/ROS2Projects/idea_0_ws/install/event_camera_codecs/lib:${LD_LIBRARY_PATH} /usr/bin/cmake --install /home/jonurce/Jon/ROS2Projects/idea_0_ws/build/composition
